{"meta": {"format": 3, "version": "7.13.5", "timestamp": "2026-05-06T14:42:34.303780", "branch_coverage": false, "show_contexts": false}, "files": {"bin/srv.py": {"executed_lines": [4, 5, 6, 8, 11, 12, 13, 15, 17, 19, 20, 22, 23, 29, 36, 47, 48, 53, 54, 59, 60, 65, 66, 67, 69, 72, 76, 77, 79, 80, 82], "summary": {"covered_lines": 31, "num_statements": 34, "percent_covered": 91.17647058823529, "percent_covered_display": "91", "missing_lines": 3, "excluded_lines": 0, "percent_statements_covered": 91.17647058823529, "percent_statements_covered_display": "91"}, "missing_lines": [50, 56, 62], "excluded_lines": [], "functions": {"send_static": {"executed_lines": [], "summary": {"covered_lines": 0, "num_statements": 1, "percent_covered": 0.0, "percent_covered_display": "0", "missing_lines": 1, "excluded_lines": 0, "percent_statements_covered": 0.0, "percent_statements_covered_display": "0"}, "missing_lines": [50], "excluded_lines": [], "start_line": 48}, "send_favicon": {"executed_lines": [], "summary": {"covered_lines": 0, "num_statements": 1, "percent_covered": 0.0, "percent_covered_display": "0", "missing_lines": 1, "excluded_lines": 0, "percent_statements_covered": 0.0, "percent_statements_covered_display": "0"}, "missing_lines": [56], "excluded_lines": [], "start_line": 54}, "send_malformed": {"executed_lines": [], "summary": {"covered_lines": 0, "num_statements": 1, "percent_covered": 0.0, "percent_covered_display": "0", "missing_lines": 1, "excluded_lines": 0, "percent_statements_covered": 0.0, "percent_statements_covered_display": "0"}, "missing_lines": [62], "excluded_lines": [], "start_line": 60}, "wttr": {"executed_lines": [69], "summary": {"covered_lines": 1, "num_statements": 1, "percent_covered": 100.0, "percent_covered_display": "100", "missing_lines": 0, "excluded_lines": 0, "percent_statements_covered": 100.0, "percent_statements_covered_display": "100"}, "missing_lines": [], "excluded_lines": [], "start_line": 67}, "": {"executed_lines": [4, 5, 6, 8, 11, 12, 13, 15, 17, 19, 20, 22, 23, 29, 36, 47, 48, 53, 54, 59, 60, 65, 66, 67, 72, 76, 77, 79, 80, 82], "summary": {"covered_lines": 30, "num_statements": 30, "percent_covered": 100.0, "percent_covered_display": "100", "missing_lines": 0, "excluded_lines": 0, "percent_statements_covered": 100.0, "percent_statements_covered_display": "100"}, "missing_lines": [], "excluded_lines": [], "start_line": 1}}, "classes": {"": {"executed_lines": [4, 5, 6, 8, 11, 12, 13, 15, 17, 19, 20, 22, 23, 29, 36, 47, 48, 53, 54, 59, 60, 65, 66, 67, 69, 72, 76, 77, 79, 80, 82], "summary": {"covered_lines": 31, "num_statements": 34, "percent_covered": 91.17647058823529, "percent_covered_display": "91", "missing_lines": 3, "excluded_lines": 0, "percent_statements_covered": 91.17647058823529, "percent_statements_covered_display": "91"}, "missing_lines": [50, 56, 62], "excluded_lines": [], "start_line": 1}}}, "lib/buttons.py": {"executed_lines": [1, 5, 9, 14, 19, 25], "summary": {"covered_lines": 6, "num_statements": 7, "percent_covered": 85.71428571428571, "percent_covered_display": "86", "missing_lines": 1, "excluded_lines": 0, "percent_statements_covered": 85.71428571428571, "percent_statements_covered_display": "86"}, "missing_lines": [30], "excluded_lines": [], "functions": {"add_buttons": {"executed_lines": [], "summary": {"covered_lines": 0, "num_statements": 1, "percent_covered": 0.0, "percent_covered_display": "0", "missing_lines": 1, "excluded_lines": 0, "percent_statements_covered": 0.0, "percent_statements_covered_display": "0"}, "missing_lines": [30], "excluded_lines": [], "start_line": 25}, "": {"executed_lines": [1, 5, 9, 14, 19, 25], "summary": {"covered_lines": 6, "num_statements": 6, "percent_covered": 100.0, "percent_covered_display": "100", "missing_lines": 0, "excluded_lines": 0, "percent_statements_covered": 100.0, "percent_statements_covered_display": "100"}, "missing_lines": [], "excluded_lines": [], "start_line": 1}}, "classes": {"": {"executed_lines": [1, 5, 9, 14, 19, 25], "summary": {"covered_lines": 6, "num_statements": 7, "percent_covered": 85.71428571428571, "percent_covered_display": "86", "missing_lines": 1, "excluded_lines": 0, "percent_statements_covered": 85.71428571428571, "percent_statements_covered_display": "86"}, "missing_lines": [30], "excluded_lines": [], "start_line": 1}}}, "lib/cache.py": {"executed_lines": [5, 6, 7, 8, 9, 10, 12, 13, 15, 17, 18, 22, 25, 26, 29, 34, 37, 44, 45, 47, 48, 49, 52, 53, 55, 56, 57, 60, 67, 68, 70, 71, 72, 85, 86, 89, 93, 94, 96, 97, 99, 101, 106, 108, 111, 112, 115, 123, 124, 125, 128, 132, 133, 135, 136, 137, 140], "summary": {"covered_lines": 57, "num_statements": 86, "percent_covered": 66.27906976744185, "percent_covered_display": "66", "missing_lines": 29, "excluded_lines": 0, "percent_statements_covered": 66.27906976744185, "percent_statements_covered_display": "66"}, "missing_lines": [27, 30, 50, 51, 74, 75, 76, 77, 78, 79, 80, 81, 82, 126, 129, 130, 150, 151, 152, 153, 154, 155, 156, 158, 160, 161, 162, 164, 165], "excluded_lines": [], "functions": {"_update_answer": {"executed_lines": [26, 29, 34], "summary": {"covered_lines": 3, "num_statements": 4, "percent_covered": 75.0, "percent_covered_display": "75", "missing_lines": 1, "excluded_lines": 0, "percent_statements_covered": 75.0, "percent_statements_covered_display": "75"}, "missing_lines": [30], "excluded_lines": [], "start_line": 25}, "_update_answer._now_in_tz": {"executed_lines": [], "summary": {"covered_lines": 0, "num_statements": 1, "percent_covered": 0.0, "percent_covered_display": "0", "missing_lines": 1, "excluded_lines": 0, "percent_statements_covered": 0.0, "percent_statements_covered_display": "0"}, "missing_lines": [27], "excluded_lines": [], "start_line": 26}, "get_signature": {"executed_lines": [44, 45, 47, 48, 49, 52, 53, 55, 56, 57], "summary": {"covered_lines": 10, "num_statements": 12, "percent_covered": 83.33333333333333, "percent_covered_display": "83", "missing_lines": 2, "excluded_lines": 0, "percent_statements_covered": 83.33333333333333, "percent_statements_covered_display": "83"}, "missing_lines": [50, 51], "excluded_lines": [], "start_line": 37}, "get": {"executed_lines": [67, 68, 70, 71, 72], "summary": {"covered_lines": 5, "num_statements": 14, "percent_covered": 35.714285714285715, "percent_covered_display": "36", "missing_lines": 9, "excluded_lines": 0, "percent_statements_covered": 35.714285714285715, "percent_statements_covered_display": "36"}, "missing_lines": [74, 75, 76, 77, 78, 79, 80, 81, 82], "excluded_lines": [], "start_line": 60}, "_randint": {"executed_lines": [86], "summary": {"covered_lines": 1, "num_statements": 1, "percent_covered": 100.0, "percent_covered_display": "100", "missing_lines": 0, "excluded_lines": 0, "percent_statements_covered": 100.0, "percent_statements_covered_display": "100"}, "missing_lines": [], "excluded_lines": [], "start_line": 85}, "store": {"executed_lines": [93, 94, 96, 97, 99, 101, 106, 108], "summary": {"covered_lines": 8, "num_statements": 8, "percent_covered": 100.0, "percent_covered_display": "100", "missing_lines": 0, "excluded_lines": 0, "percent_statements_covered": 100.0, "percent_statements_covered_display": "100"}, "missing_lines": [], "excluded_lines": [], "start_line": 89}, "_hash": {"executed_lines": [112], "summary": {"covered_lines": 1, "num_statements": 1, "percent_covered": 100.0, "percent_covered_display": "100", "missing_lines": 0, "excluded_lines": 0, "percent_statements_covered": 100.0, "percent_statements_covered_display": "100"}, "missing_lines": [], "excluded_lines": [], "start_line": 111}, "_store_in_file": {"executed_lines": [123, 124, 125, 128, 132, 133, 135, 136, 137], "summary": {"covered_lines": 9, "num_statements": 12, "percent_covered": 75.0, "percent_covered_display": "75", "missing_lines": 3, "excluded_lines": 0, "percent_statements_covered": 75.0, "percent_statements_covered_display": "75"}, "missing_lines": [126, 129, 130], "excluded_lines": [], "start_line": 115}, "_read_from_file": {"executed_lines": [], "summary": {"covered_lines": 0, "num_statements": 13, "percent_covered": 0.0, "percent_covered_display": "0", "missing_lines": 13, "excluded_lines": 0, "percent_statements_covered": 0.0, "percent_statements_covered_display": "0"}, "missing_lines": [150, 151, 152, 153, 154, 155, 156, 158, 160, 161, 162, 164, 165], "excluded_lines": [], "start_line": 140}, "": {"executed_lines": [5, 6, 7, 8, 9, 10, 12, 13, 15, 17, 18, 22, 25, 37, 60, 85, 89, 111, 115, 140], "summary": {"covered_lines": 20, "num_statements": 20, "percent_covered": 100.0, "percent_covered_display": "100", "missing_lines": 0, "excluded_lines": 0, "percent_statements_covered": 100.0, "percent_statements_covered_display": "100"}, "missing_lines": [], "excluded_lines": [], "start_line": 1}}, "classes": {"": {"executed_lines": [5, 6, 7, 8, 9, 10, 12, 13, 15, 17, 18, 22, 25, 26, 29, 34, 37, 44, 45, 47, 48, 49, 52, 53, 55, 56, 57, 60, 67, 68, 70, 71, 72, 85, 86, 89, 93, 94, 96, 97, 99, 101, 106, 108, 111, 112, 115, 123, 124, 125, 128, 132, 133, 135, 136, 137, 140], "summary": {"covered_lines": 57, "num_statements": 86, "percent_covered": 66.27906976744185, "percent_covered_display": "66", "missing_lines": 29, "excluded_lines": 0, "percent_statements_covered": 66.27906976744185, "percent_statements_covered_display": "66"}, "missing_lines": [27, 30, 50, 51, 74, 75, 76, 77, 78, 79, 80, 81, 82, 126, 129, 130, 150, 151, 152, 153, 154, 155, 156, 158, 160, 161, 162, 164, 165], "excluded_lines": [], "start_line": 1}}}, "lib/constants.py": {"executed_lines": [3, 54, 76, 98, 109, 111, 133, 155, 177, 179, 190, 206, 237, 373], "summary": {"covered_lines": 14, "num_statements": 14, "percent_covered": 100.0, "percent_covered_display": "100", "missing_lines": 0, "excluded_lines": 0, "percent_statements_covered": 100.0, "percent_statements_covered_display": "100"}, "missing_lines": [], "excluded_lines": [], "functions": {"": {"executed_lines": [3, 54, 76, 98, 109, 111, 133, 155, 177, 179, 190, 206, 237, 373], "summary": {"covered_lines": 14, "num_statements": 14, "percent_covered": 100.0, "percent_covered_display": "100", "missing_lines": 0, "excluded_lines": 0, "percent_statements_covered": 100.0, "percent_statements_covered_display": "100"}, "missing_lines": [], "excluded_lines": [], "start_line": 1}}, "classes": {"": {"executed_lines": [3, 54, 76, 98, 109, 111, 133, 155, 177, 179, 190, 206, 237, 373], "summary": {"covered_lines": 14, "num_statements": 14, "percent_covered": 100.0, "percent_covered_display": "100", "missing_lines": 0, "excluded_lines": 0, "percent_statements_covered": 100.0, "percent_statements_covered_display": "100"}, "missing_lines": [], "excluded_lines": [], "start_line": 1}}}, "lib/fields.py": {"executed_lines": [6], "summary": {"covered_lines": 1, "num_statements": 1, "percent_covered": 100.0, "percent_covered_display": "100", "missing_lines": 0, "excluded_lines": 0, "percent_statements_covered": 100.0, "percent_statements_covered_display": "100"}, "missing_lines": [], "excluded_lines": [], "functions": {"": {"executed_lines": [6], "summary": {"covered_lines": 1, "num_statements": 1, "percent_covered": 100.0, "percent_covered_display": "100", "missing_lines": 0, "excluded_lines": 0, "percent_statements_covered": 100.0, "percent_statements_covered_display": "100"}, "missing_lines": [], "excluded_lines": [], "start_line": 1}}, "classes": {"": {"executed_lines": [6], "summary": {"covered_lines": 1, "num_statements": 1, "percent_covered": 100.0, "percent_covered_display": "100", "missing_lines": 0, "excluded_lines": 0, "percent_statements_covered": 100.0, "percent_statements_covered_display": "100"}, "missing_lines": [], "excluded_lines": [], "start_line": 1}}}, "lib/fmt/__init__.py": {"executed_lines": [], "summary": {"covered_lines": 0, "num_statements": 0, "percent_covered": 100.0, "percent_covered_display": "100", "missing_lines": 0, "excluded_lines": 0, "percent_statements_covered": 100.0, "percent_statements_covered_display": "100"}, "missing_lines": [], "excluded_lines": [], "functions": {"": {"executed_lines": [], "summary": {"covered_lines": 0, "num_statements": 0, "percent_covered": 100.0, "percent_covered_display": "100", "missing_lines": 0, "excluded_lines": 0, "percent_statements_covered": 100.0, "percent_statements_covered_display": "100"}, "missing_lines": [], "excluded_lines": [], "start_line": 1}}, "classes": {"": {"executed_lines": [], "summary": {"covered_lines": 0, "num_statements": 0, "percent_covered": 100.0, "percent_covered_display": "100", "missing_lines": 0, "excluded_lines": 0, "percent_statements_covered": 100.0, "percent_statements_covered_display": "100"}, "missing_lines": [], "excluded_lines": [], "start_line": 1}}}, "lib/fmt/png.py": {"executed_lines": [18, 20, 21, 22, 23, 25, 26, 27, 28, 30, 32, 33, 34, 36, 37, 38, 39, 40, 41, 70, 77, 78, 79, 81, 82, 84, 85, 87, 90, 113, 118, 120, 122, 125, 126, 127, 128, 130, 131, 132, 133, 136, 139, 140, 142, 145, 163, 177, 182, 185, 187, 188, 189, 191, 192, 195, 197, 199, 200, 201, 202, 272, 283, 284, 286, 287, 291, 292, 294], "summary": {"covered_lines": 69, "num_statements": 143, "percent_covered": 48.25174825174825, "percent_covered_display": "48", "missing_lines": 74, "excluded_lines": 0, "percent_statements_covered": 48.25174825174825, "percent_statements_covered_display": "48"}, "missing_lines": [96, 97, 98, 99, 101, 102, 103, 104, 105, 109, 134, 137, 152, 153, 155, 156, 157, 158, 159, 160, 169, 170, 171, 172, 173, 183, 193, 204, 206, 207, 208, 209, 210, 211, 212, 213, 218, 219, 220, 221, 222, 223, 225, 227, 228, 229, 230, 231, 232, 234, 241, 242, 244, 245, 246, 247, 248, 249, 251, 252, 254, 255, 257, 258, 260, 261, 262, 263, 265, 267, 268, 269, 288, 289], "excluded_lines": [], "functions": {"render_ansi": {"executed_lines": [77, 78, 79, 81, 82, 84, 85, 87], "summary": {"covered_lines": 8, "num_statements": 8, "percent_covered": 100.0, "percent_covered_display": "100", "missing_lines": 0, "excluded_lines": 0, "percent_statements_covered": 100.0, "percent_statements_covered_display": "100"}, "missing_lines": [], "excluded_lines": [], "start_line": 70}, "_color_mapping": {"executed_lines": [], "summary": {"covered_lines": 0, "num_statements": 10, "percent_covered": 0.0, "percent_covered_display": "0", "missing_lines": 10, "excluded_lines": 0, "percent_statements_covered": 0.0, "percent_statements_covered_display": "0"}, "missing_lines": [96, 97, 98, 99, 101, 102, 103, 104, 105, 109], "excluded_lines": [], "start_line": 90}, "_strip_buf": {"executed_lines": [118, 122, 130, 131, 132, 133, 136, 139, 140, 142], "summary": {"covered_lines": 10, "num_statements": 12, "percent_covered": 83.33333333333333, "percent_covered_display": "83", "missing_lines": 2, "excluded_lines": 0, "percent_statements_covered": 83.33333333333333, "percent_statements_covered_display": "83"}, "missing_lines": [134, 137], "excluded_lines": [], "start_line": 113}, "_strip_buf.empty_line": {"executed_lines": [120], "summary": {"covered_lines": 1, "num_statements": 1, "percent_covered": 100.0, "percent_covered_display": "100", "missing_lines": 0, "excluded_lines": 0, "percent_statements_covered": 100.0, "percent_statements_covered_display": "100"}, "missing_lines": [], "excluded_lines": [], "start_line": 118}, "_strip_buf.line_len": {"executed_lines": [125, 126, 127, 128], "summary": {"covered_lines": 4, "num_statements": 4, "percent_covered": 100.0, "percent_covered_display": "100", "missing_lines": 0, "excluded_lines": 0, "percent_statements_covered": 100.0, "percent_statements_covered_display": "100"}, "missing_lines": [], "excluded_lines": [], "start_line": 122}, "_script_category": {"executed_lines": [], "summary": {"covered_lines": 0, "num_statements": 8, "percent_covered": 0.0, "percent_covered_display": "0", "missing_lines": 8, "excluded_lines": 0, "percent_statements_covered": 0.0, "percent_statements_covered_display": "0"}, "missing_lines": [152, 153, 155, 156, 157, 158, 159, 160], "excluded_lines": [], "start_line": 145}, "_load_emojilib": {"executed_lines": [], "summary": {"covered_lines": 0, "num_statements": 5, "percent_covered": 0.0, "percent_covered_display": "0", "missing_lines": 5, "excluded_lines": 0, "percent_statements_covered": 0.0, "percent_statements_covered_display": "0"}, "missing_lines": [169, 170, 171, 172, 173], "excluded_lines": [], "start_line": 163}, "_gen_term": {"executed_lines": [182, 185, 187, 188, 189, 191, 192, 195, 197, 199, 200, 201, 202], "summary": {"covered_lines": 13, "num_statements": 60, "percent_covered": 21.666666666666668, "percent_covered_display": "22", "missing_lines": 47, "excluded_lines": 0, "percent_statements_covered": 21.666666666666668, "percent_statements_covered_display": "22"}, "missing_lines": [183, 193, 204, 206, 207, 208, 209, 210, 211, 212, 213, 218, 219, 220, 221, 222, 223, 225, 227, 228, 229, 230, 231, 232, 234, 241, 242, 244, 245, 246, 247, 248, 249, 251, 252, 254, 255, 257, 258, 260, 261, 262, 263, 265, 267, 268, 269], "excluded_lines": [], "start_line": 177}, "_fix_graphemes": {"executed_lines": [283, 284, 286, 287, 291, 292, 294], "summary": {"covered_lines": 7, "num_statements": 9, "percent_covered": 77.77777777777777, "percent_covered_display": "78", "missing_lines": 2, "excluded_lines": 0, "percent_statements_covered": 77.77777777777777, "percent_statements_covered_display": "78"}, "missing_lines": [288, 289], "excluded_lines": [], "start_line": 272}, "": {"executed_lines": [18, 20, 21, 22, 23, 25, 26, 27, 28, 30, 32, 33, 34, 36, 37, 38, 39, 40, 41, 70, 90, 113, 145, 163, 177, 272], "summary": {"covered_lines": 26, "num_statements": 26, "percent_covered": 100.0, "percent_covered_display": "100", "missing_lines": 0, "excluded_lines": 0, "percent_statements_covered": 100.0, "percent_statements_covered_display": "100"}, "missing_lines": [], "excluded_lines": [], "start_line": 1}}, "classes": {"": {"executed_lines": [18, 20, 21, 22, 23, 25, 26, 27, 28, 30, 32, 33, 34, 36, 37, 38, 39, 40, 41, 70, 77, 78, 79, 81, 82, 84, 85, 87, 90, 113, 118, 120, 122, 125, 126, 127, 128, 130, 131, 132, 133, 136, 139, 140, 142, 145, 163, 177, 182, 185, 187, 188, 189, 191, 192, 195, 197, 199, 200, 201, 202, 272, 283, 284, 286, 287, 291, 292, 294], "summary": {"covered_lines": 69, "num_statements": 143, "percent_covered": 48.25174825174825, "percent_covered_display": "48", "missing_lines": 74, "excluded_lines": 0, "percent_statements_covered": 48.25174825174825, "percent_statements_covered_display": "48"}, "missing_lines": [96, 97, 98, 99, 101, 102, 103, 104, 105, 109, 134, 137, 152, 153, 155, 156, 157, 158, 159, 160, 169, 170, 171, 172, 173, 183, 193, 204, 206, 207, 208, 209, 210, 211, 212, 213, 218, 219, 220, 221, 222, 223, 225, 227, 228, 229, 230, 231, 232, 234, 241, 242, 244, 245, 246, 247, 248, 249, 251, 252, 254, 255, 257, 258, 260, 261, 262, 263, 265, 267, 268, 269, 288, 289], "excluded_lines": [], "start_line": 1}}}, "lib/fmt/unicodedata2.py": {"executed_lines": [7, 8, 10, 1784, 1803, 1808, 1813], "summary": {"covered_lines": 7, "num_statements": 39, "percent_covered": 17.94871794871795, "percent_covered_display": "18", "missing_lines": 32, "excluded_lines": 0, "percent_statements_covered": 17.94871794871795, "percent_statements_covered_display": "18"}, "missing_lines": [1786, 1787, 1788, 1789, 1790, 1791, 1792, 1793, 1794, 1796, 1800, 1804, 1805, 1809, 1810, 1816, 1817, 1818, 1820, 1822, 1823, 1824, 1825, 1826, 1827, 1828, 1829, 1830, 1831, 1832, 1835, 1837], "excluded_lines": [], "functions": {"script_cat": {"executed_lines": [], "summary": {"covered_lines": 0, "num_statements": 11, "percent_covered": 0.0, "percent_covered_display": "0", "missing_lines": 11, "excluded_lines": 0, "percent_statements_covered": 0.0, "percent_statements_covered_display": "0"}, "missing_lines": [1786, 1787, 1788, 1789, 1790, 1791, 1792, 1793, 1794, 1796, 1800], "excluded_lines": [], "start_line": 1784}, "script": {"executed_lines": [], "summary": {"covered_lines": 0, "num_statements": 2, "percent_covered": 0.0, "percent_covered_display": "0", "missing_lines": 2, "excluded_lines": 0, "percent_statements_covered": 0.0, "percent_statements_covered_display": "0"}, "missing_lines": [1804, 1805], "excluded_lines": [], "start_line": 1803}, "category": {"executed_lines": [], "summary": {"covered_lines": 0, "num_statements": 2, "percent_covered": 0.0, "percent_covered_display": "0", "missing_lines": 2, "excluded_lines": 0, "percent_statements_covered": 0.0, "percent_statements_covered_display": "0"}, "missing_lines": [1809, 1810], "excluded_lines": [], "start_line": 1808}, "_compile_scripts_txt": {"executed_lines": [], "summary": {"covered_lines": 0, "num_statements": 17, "percent_covered": 0.0, "percent_covered_display": "0", "missing_lines": 17, "excluded_lines": 0, "percent_statements_covered": 0.0, "percent_statements_covered_display": "0"}, "missing_lines": [1816, 1817, 1818, 1820, 1822, 1823, 1824, 1825, 1826, 1827, 1828, 1829, 1830, 1831, 1832, 1835, 1837], "excluded_lines": [], "start_line": 1813}, "": {"executed_lines": [7, 8, 10, 1784, 1803, 1808, 1813], "summary": {"covered_lines": 7, "num_statements": 7, "percent_covered": 100.0, "percent_covered_display": "100", "missing_lines": 0, "excluded_lines": 0, "percent_statements_covered": 100.0, "percent_statements_covered_display": "100"}, "missing_lines": [], "excluded_lines": [], "start_line": 1}}, "classes": {"": {"executed_lines": [7, 8, 10, 1784, 1803, 1808, 1813], "summary": {"covered_lines": 7, "num_statements": 39, "percent_covered": 17.94871794871795, "percent_covered_display": "18", "missing_lines": 32, "excluded_lines": 0, "percent_statements_covered": 17.94871794871795, "percent_statements_covered_display": "18"}, "missing_lines": [1786, 1787, 1788, 1789, 1790, 1791, 1792, 1793, 1794, 1796, 1800, 1804, 1805, 1809, 1810, 1816, 1817, 1818, 1820, 1822, 1823, 1824, 1825, 1826, 1827, 1828, 1829, 1830, 1831, 1832, 1835, 1837], "excluded_lines": [], "start_line": 1}}}, "lib/globals.py": {"executed_lines": [14, 16, 17, 18, 20, 22, 23, 27, 28, 30, 31, 33, 34, 35, 37, 39, 40, 42, 44, 45, 46, 48, 49, 50, 52, 54, 55, 57, 58, 60, 64, 68, 70, 71, 72, 76, 77, 78, 80, 82, 99, 101, 111, 112, 114, 117, 118, 121, 124, 125, 128, 129, 130, 131, 132, 133, 134, 137, 140, 141, 142, 143, 146, 154, 163, 172, 173, 174], "summary": {"covered_lines": 68, "num_statements": 82, "percent_covered": 82.92682926829268, "percent_covered_display": "83", "missing_lines": 14, "excluded_lines": 0, "percent_statements_covered": 82.92682926829268, "percent_statements_covered_display": "83"}, "missing_lines": [25, 73, 74, 119, 126, 149, 150, 151, 159, 160, 166, 167, 168, 169], "excluded_lines": [], "functions": {"error": {"executed_lines": [140, 141, 142, 143], "summary": {"covered_lines": 4, "num_statements": 4, "percent_covered": 100.0, "percent_covered_display": "100", "missing_lines": 0, "excluded_lines": 0, "percent_statements_covered": 100.0, "percent_statements_covered_display": "100"}, "missing_lines": [], "excluded_lines": [], "start_line": 137}, "log": {"executed_lines": [], "summary": {"covered_lines": 0, "num_statements": 3, "percent_covered": 0.0, "percent_covered_display": "0", "missing_lines": 3, "excluded_lines": 0, "percent_statements_covered": 0.0, "percent_statements_covered_display": "0"}, "missing_lines": [149, 150, 151], "excluded_lines": [], "start_line": 146}, "debug_log": {"executed_lines": [], "summary": {"covered_lines": 0, "num_statements": 2, "percent_covered": 0.0, "percent_covered_display": "0", "missing_lines": 2, "excluded_lines": 0, "percent_statements_covered": 0.0, "percent_statements_covered_display": "0"}, "missing_lines": [159, 160], "excluded_lines": [], "start_line": 154}, "get_help_file": {"executed_lines": [], "summary": {"covered_lines": 0, "num_statements": 4, "percent_covered": 0.0, "percent_covered_display": "0", "missing_lines": 4, "excluded_lines": 0, "percent_statements_covered": 0.0, "percent_statements_covered_display": "0"}, "missing_lines": [166, 167, 168, 169], "excluded_lines": [], "start_line": 163}, "remove_ansi": {"executed_lines": [173, 174], "summary": {"covered_lines": 2, "num_statements": 2, "percent_covered": 100.0, "percent_covered_display": "100", "missing_lines": 0, "excluded_lines": 0, "percent_statements_covered": 100.0, "percent_statements_covered_display": "100"}, "missing_lines": [], "excluded_lines": [], "start_line": 172}, "": {"executed_lines": [14, 16, 17, 18, 20, 22, 23, 27, 28, 30, 31, 33, 34, 35, 37, 39, 40, 42, 44, 45, 46, 48, 49, 50, 52, 54, 55, 57, 58, 60, 64, 68, 70, 71, 72, 76, 77, 78, 80, 82, 99, 101, 111, 112, 114, 117, 118, 121, 124, 125, 128, 129, 130, 131, 132, 133, 134, 137, 146, 154, 163, 172], "summary": {"covered_lines": 62, "num_statements": 67, "percent_covered": 92.53731343283582, "percent_covered_display": "93", "missing_lines": 5, "excluded_lines": 0, "percent_statements_covered": 92.53731343283582, "percent_statements_covered_display": "93"}, "missing_lines": [25, 73, 74, 119, 126], "excluded_lines": [], "start_line": 1}}, "classes": {"": {"executed_lines": [14, 16, 17, 18, 20, 22, 23, 27, 28, 30, 31, 33, 34, 35, 37, 39, 40, 42, 44, 45, 46, 48, 49, 50, 52, 54, 55, 57, 58, 60, 64, 68, 70, 71, 72, 76, 77, 78, 80, 82, 99, 101, 111, 112, 114, 117, 118, 121, 124, 125, 128, 129, 130, 131, 132, 133, 134, 137, 140, 141, 142, 143, 146, 154, 163, 172, 173, 174], "summary": {"covered_lines": 68, "num_statements": 82, "percent_covered": 82.92682926829268, "percent_covered_display": "83", "missing_lines": 14, "excluded_lines": 0, "percent_statements_covered": 82.92682926829268, "percent_statements_covered_display": "83"}, "missing_lines": [25, 73, 74, 119, 126, 149, 150, 151, 159, 160, 166, 167, 168, 169], "excluded_lines": [], "start_line": 1}}}, "lib/limits.py": {"executed_lines": [21, 22, 25, 26, 33, 42, 43, 45, 46, 48, 49, 53, 54, 58, 64, 66, 67, 68, 69, 71, 72, 73, 74, 76, 77, 79, 84, 89, 91, 92, 93, 94, 100, 102, 109, 110, 111, 112, 113, 114], "summary": {"covered_lines": 40, "num_statements": 48, "percent_covered": 83.33333333333333, "percent_covered_display": "83", "missing_lines": 8, "excluded_lines": 0, "percent_statements_covered": 83.33333333333333, "percent_statements_covered_display": "83"}, "missing_lines": [51, 56, 80, 90, 95, 96, 106, 107], "excluded_lines": [], "functions": {"_time_caps": {"executed_lines": [26], "summary": {"covered_lines": 1, "num_statements": 1, "percent_covered": 100.0, "percent_covered_display": "100", "missing_lines": 0, "excluded_lines": 0, "percent_statements_covered": 100.0, "percent_statements_covered_display": "100"}, "missing_lines": [], "excluded_lines": [], "start_line": 25}, "Limits.__init__": {"executed_lines": [43, 45, 46, 48, 49, 53, 54, 58, 64], "summary": {"covered_lines": 9, "num_statements": 11, "percent_covered": 81.81818181818181, "percent_covered_display": "82", "missing_lines": 2, "excluded_lines": 0, "percent_statements_covered": 81.81818181818181, "percent_statements_covered_display": "82"}, "missing_lines": [51, 56], "excluded_lines": [], "start_line": 42}, "Limits._log_visit": {"executed_lines": [67, 68, 69], "summary": {"covered_lines": 3, "num_statements": 3, "percent_covered": 100.0, "percent_covered_display": "100", "missing_lines": 0, "excluded_lines": 0, "percent_statements_covered": 100.0, "percent_statements_covered_display": "100"}, "missing_lines": [], "excluded_lines": [], "start_line": 66}, "Limits._limit_exceeded": {"executed_lines": [72, 73, 74], "summary": {"covered_lines": 3, "num_statements": 3, "percent_covered": 100.0, "percent_covered_display": "100", "missing_lines": 0, "excluded_lines": 0, "percent_statements_covered": 100.0, "percent_statements_covered_display": "100"}, "missing_lines": [], "excluded_lines": [], "start_line": 71}, "Limits._get_limit": {"executed_lines": [77], "summary": {"covered_lines": 1, "num_statements": 1, "percent_covered": 100.0, "percent_covered_display": "100", "missing_lines": 0, "excluded_lines": 0, "percent_statements_covered": 100.0, "percent_statements_covered_display": "100"}, "missing_lines": [], "excluded_lines": [], "start_line": 76}, "Limits._report_excessive_visits": {"executed_lines": [], "summary": {"covered_lines": 0, "num_statements": 1, "percent_covered": 0.0, "percent_covered_display": "0", "missing_lines": 1, "excluded_lines": 0, "percent_statements_covered": 0.0, "percent_statements_covered_display": "0"}, "missing_lines": [80], "excluded_lines": [], "start_line": 79}, "Limits.check_ip": {"executed_lines": [89, 91, 92, 93, 94, 100], "summary": {"covered_lines": 6, "num_statements": 9, "percent_covered": 66.66666666666667, "percent_covered_display": "67", "missing_lines": 3, "excluded_lines": 0, "percent_statements_covered": 66.66666666666667, "percent_statements_covered_display": "67"}, "missing_lines": [90, 95, 96], "excluded_lines": [], "start_line": 84}, "Limits.reset": {"executed_lines": [], "summary": {"covered_lines": 0, "num_statements": 2, "percent_covered": 0.0, "percent_covered_display": "0", "missing_lines": 2, "excluded_lines": 0, "percent_statements_covered": 0.0, "percent_statements_covered_display": "0"}, "missing_lines": [106, 107], "excluded_lines": [], "start_line": 102}, "Limits._clear_counters_if_needed": {"executed_lines": [110, 111, 112, 113, 114], "summary": {"covered_lines": 5, "num_statements": 5, "percent_covered": 100.0, "percent_covered_display": "100", "missing_lines": 0, "excluded_lines": 0, "percent_statements_covered": 100.0, "percent_statements_covered_display": "100"}, "missing_lines": [], "excluded_lines": [], "start_line": 109}, "": {"executed_lines": [21, 22, 25, 33, 42, 66, 71, 76, 79, 84, 102, 109], "summary": {"covered_lines": 12, "num_statements": 12, "percent_covered": 100.0, "percent_covered_display": "100", "missing_lines": 0, "excluded_lines": 0, "percent_statements_covered": 100.0, "percent_statements_covered_display": "100"}, "missing_lines": [], "excluded_lines": [], "start_line": 1}}, "classes": {"Limits": {"executed_lines": [43, 45, 46, 48, 49, 53, 54, 58, 64, 67, 68, 69, 72, 73, 74, 77, 89, 91, 92, 93, 94, 100, 110, 111, 112, 113, 114], "summary": {"covered_lines": 27, "num_statements": 35, "percent_covered": 77.14285714285714, "percent_covered_display": "77", "missing_lines": 8, "excluded_lines": 0, "percent_statements_covered": 77.14285714285714, "percent_statements_covered_display": "77"}, "missing_lines": [51, 56, 80, 90, 95, 96, 106, 107], "excluded_lines": [], "start_line": 33}, "": {"executed_lines": [21, 22, 25, 26, 33, 42, 66, 71, 76, 79, 84, 102, 109], "summary": {"covered_lines": 13, "num_statements": 13, "percent_covered": 100.0, "percent_covered_display": "100", "missing_lines": 0, "excluded_lines": 0, "percent_statements_covered": 100.0, "percent_statements_covered_display": "100"}, "missing_lines": [], "excluded_lines": [], "start_line": 1}}}, "lib/location.py": {"executed_lines": [36, 38, 39, 40, 41, 42, 43, 45, 46, 47, 49, 62, 63, 66, 67, 72, 77, 80, 81, 82, 83, 84, 85, 87, 88, 91, 96, 97, 99, 100, 101, 102, 105, 111, 118, 123, 126, 127, 128, 130, 131, 132, 133, 138, 163, 170, 171, 175, 176, 178, 195, 206, 207, 227, 228, 229, 250, 251, 252, 253, 255, 264, 266, 267, 277, 278, 279, 282, 289, 293, 294, 299, 300, 301, 302, 303, 304, 305, 308, 309, 311, 329, 332, 335, 336, 337, 338, 341, 345, 346, 347, 348, 349, 350, 351, 353, 354, 357, 361, 362, 363, 364, 365, 368, 369, 370, 373, 378, 381, 386, 389, 397, 403, 404, 426, 432, 433, 434, 435, 439, 442, 458, 462, 463, 464, 466, 467, 468, 470, 471, 475, 476, 477, 478, 480, 481, 482, 483, 484, 489, 490, 491, 492, 497, 502, 503, 504, 506, 507, 508, 509, 511, 513, 515, 525, 545, 552], "summary": {"covered_lines": 157, "num_statements": 242, "percent_covered": 64.87603305785125, "percent_covered_display": "65", "missing_lines": 85, "excluded_lines": 0, "percent_statements_covered": 64.87603305785125, "percent_statements_covered_display": "65"}, "missing_lines": [68, 69, 78, 86, 119, 120, 121, 124, 129, 150, 172, 173, 174, 208, 209, 210, 214, 215, 217, 218, 220, 221, 222, 223, 224, 230, 231, 232, 233, 235, 241, 243, 244, 246, 247, 263, 275, 276, 285, 286, 295, 307, 312, 314, 315, 387, 391, 392, 393, 394, 407, 408, 409, 410, 411, 412, 419, 420, 422, 423, 440, 443, 444, 445, 448, 451, 452, 453, 455, 456, 505, 529, 530, 532, 533, 534, 535, 536, 537, 538, 539, 547, 548, 549, 553], "excluded_lines": [], "functions": {"_debug_log": {"executed_lines": [67], "summary": {"covered_lines": 1, "num_statements": 3, "percent_covered": 33.333333333333336, "percent_covered_display": "33", "missing_lines": 2, "excluded_lines": 0, "percent_statements_covered": 33.333333333333336, "percent_statements_covered_display": "33"}, "missing_lines": [68, 69], "excluded_lines": [], "start_line": 66}, "_is_ip": {"executed_lines": [77, 80, 81, 82, 83, 84, 85, 87, 88], "summary": {"covered_lines": 9, "num_statements": 11, "percent_covered": 81.81818181818181, "percent_covered_display": "82", "missing_lines": 2, "excluded_lines": 0, "percent_statements_covered": 81.81818181818181, "percent_statements_covered_display": "82"}, "missing_lines": [78, 86], "excluded_lines": [], "start_line": 72}, "_location_normalize": {"executed_lines": [96, 99, 100, 101, 102], "summary": {"covered_lines": 5, "num_statements": 5, "percent_covered": 100.0, "percent_covered_display": "100", "missing_lines": 0, "excluded_lines": 0, "percent_statements_covered": 100.0, "percent_statements_covered_display": "100"}, "missing_lines": [], "excluded_lines": [], "start_line": 91}, "_location_normalize._remove_chars": {"executed_lines": [97], "summary": {"covered_lines": 1, "num_statements": 1, "percent_covered": 100.0, "percent_covered_display": "100", "missing_lines": 0, "excluded_lines": 0, "percent_statements_covered": 100.0, "percent_statements_covered_display": "100"}, "missing_lines": [], "excluded_lines": [], "start_line": 96}, "_geolocator": {"executed_lines": [111, 118, 123, 126, 127, 128, 130, 131, 132, 133], "summary": {"covered_lines": 10, "num_statements": 15, "percent_covered": 66.66666666666667, "percent_covered_display": "67", "missing_lines": 5, "excluded_lines": 0, "percent_statements_covered": 66.66666666666667, "percent_statements_covered_display": "67"}, "missing_lines": [119, 120, 121, 124, 129], "excluded_lines": [], "start_line": 105}, "_ipcachewrite": {"executed_lines": [], "summary": {"covered_lines": 0, "num_statements": 1, "percent_covered": 0.0, "percent_covered_display": "0", "missing_lines": 1, "excluded_lines": 0, "percent_statements_covered": 0.0, "percent_statements_covered_display": "0"}, "missing_lines": [150], "excluded_lines": [], "start_line": 138}, "_ipcache": {"executed_lines": [170, 171, 175, 176, 178], "summary": {"covered_lines": 5, "num_statements": 8, "percent_covered": 62.5, "percent_covered_display": "62", "missing_lines": 3, "excluded_lines": 0, "percent_statements_covered": 62.5, "percent_statements_covered_display": "62"}, "missing_lines": [172, 173, 174], "excluded_lines": [], "start_line": 163}, "_ip2location": {"executed_lines": [206, 207], "summary": {"covered_lines": 2, "num_statements": 14, "percent_covered": 14.285714285714286, "percent_covered_display": "14", "missing_lines": 12, "excluded_lines": 0, "percent_statements_covered": 14.285714285714286, "percent_statements_covered_display": "14"}, "missing_lines": [208, 209, 210, 214, 215, 217, 218, 220, 221, 222, 223, 224], "excluded_lines": [], "start_line": 195}, "_ipinfo": {"executed_lines": [228, 229], "summary": {"covered_lines": 2, "num_statements": 12, "percent_covered": 16.666666666666668, "percent_covered_display": "17", "missing_lines": 10, "excluded_lines": 0, "percent_statements_covered": 16.666666666666668, "percent_statements_covered_display": "17"}, "missing_lines": [230, 231, 232, 233, 235, 241, 243, 244, 246, 247], "excluded_lines": [], "start_line": 227}, "_geoip": {"executed_lines": [251, 252, 253, 255, 264, 266, 267, 277, 278, 279], "summary": {"covered_lines": 10, "num_statements": 13, "percent_covered": 76.92307692307692, "percent_covered_display": "77", "missing_lines": 3, "excluded_lines": 0, "percent_statements_covered": 76.92307692307692, "percent_statements_covered_display": "77"}, "missing_lines": [263, 275, 276], "excluded_lines": [], "start_line": 250}, "_country_name_workaround": {"executed_lines": [], "summary": {"covered_lines": 0, "num_statements": 2, "percent_covered": 0.0, "percent_covered_display": "0", "missing_lines": 2, "excluded_lines": 0, "percent_statements_covered": 0.0, "percent_statements_covered_display": "0"}, "missing_lines": [285, 286], "excluded_lines": [], "start_line": 282}, "_get_location": {"executed_lines": [293, 294, 299, 300, 301, 302, 303, 304, 305, 308, 309, 311, 329], "summary": {"covered_lines": 13, "num_statements": 18, "percent_covered": 72.22222222222223, "percent_covered_display": "72", "missing_lines": 5, "excluded_lines": 0, "percent_statements_covered": 72.22222222222223, "percent_statements_covered_display": "72"}, "missing_lines": [295, 307, 312, 314, 315], "excluded_lines": [], "start_line": 289}, "_location_canonical_name": {"executed_lines": [335, 336, 337, 338], "summary": {"covered_lines": 4, "num_statements": 4, "percent_covered": 100.0, "percent_covered_display": "100", "missing_lines": 0, "excluded_lines": 0, "percent_statements_covered": 100.0, "percent_statements_covered_display": "100"}, "missing_lines": [], "excluded_lines": [], "start_line": 332}, "_load_aliases": {"executed_lines": [345, 346, 347, 348, 349, 350, 351, 353, 354], "summary": {"covered_lines": 9, "num_statements": 9, "percent_covered": 100.0, "percent_covered_display": "100", "missing_lines": 0, "excluded_lines": 0, "percent_statements_covered": 100.0, "percent_statements_covered_display": "100"}, "missing_lines": [], "excluded_lines": [], "start_line": 341}, "_load_iata_codes": {"executed_lines": [361, 362, 363, 364, 365], "summary": {"covered_lines": 5, "num_statements": 5, "percent_covered": 100.0, "percent_covered_display": "100", "missing_lines": 0, "excluded_lines": 0, "percent_statements_covered": 100.0, "percent_statements_covered_display": "100"}, "missing_lines": [], "excluded_lines": [], "start_line": 357}, "is_location_blocked": {"executed_lines": [378], "summary": {"covered_lines": 1, "num_statements": 1, "percent_covered": 100.0, "percent_covered_display": "100", "missing_lines": 0, "excluded_lines": 0, "percent_statements_covered": 100.0, "percent_statements_covered_display": "100"}, "missing_lines": [], "excluded_lines": [], "start_line": 373}, "_get_hemisphere": {"executed_lines": [386, 389], "summary": {"covered_lines": 2, "num_statements": 7, "percent_covered": 28.571428571428573, "percent_covered_display": "29", "missing_lines": 5, "excluded_lines": 0, "percent_statements_covered": 28.571428571428573, "percent_statements_covered_display": "29"}, "missing_lines": [387, 391, 392, 393, 394], "excluded_lines": [], "start_line": 381}, "_fully_qualified_location": {"executed_lines": [403, 404], "summary": {"covered_lines": 2, "num_statements": 12, "percent_covered": 16.666666666666668, "percent_covered_display": "17", "missing_lines": 10, "excluded_lines": 0, "percent_statements_covered": 16.666666666666668, "percent_statements_covered_display": "17"}, "missing_lines": [407, 408, 409, 410, 411, 412, 419, 420, 422, 423], "excluded_lines": [], "start_line": 397}, "location_processing": {"executed_lines": [432, 433, 434, 435, 439, 442, 458, 462, 463, 464, 466, 467, 468, 470, 471, 475, 476, 477, 478, 480, 481, 482, 483, 484, 489, 490, 491, 492, 497, 502, 503, 504, 506, 507, 508, 509, 511, 513, 515], "summary": {"covered_lines": 39, "num_statements": 50, "percent_covered": 78.0, "percent_covered_display": "78", "missing_lines": 11, "excluded_lines": 0, "percent_statements_covered": 78.0, "percent_statements_covered_display": "78"}, "missing_lines": [440, 443, 444, 445, 448, 451, 452, 453, 455, 456, 505], "excluded_lines": [], "start_line": 426}, "_main_": {"executed_lines": [], "summary": {"covered_lines": 0, "num_statements": 10, "percent_covered": 0.0, "percent_covered_display": "0", "missing_lines": 10, "excluded_lines": 0, "percent_statements_covered": 0.0, "percent_statements_covered_display": "0"}, "missing_lines": [529, 530, 532, 533, 534, 535, 536, 537, 538, 539], "excluded_lines": [], "start_line": 525}, "_trace_ip": {"executed_lines": [], "summary": {"covered_lines": 0, "num_statements": 3, "percent_covered": 0.0, "percent_covered_display": "0", "missing_lines": 3, "excluded_lines": 0, "percent_statements_covered": 0.0, "percent_statements_covered_display": "0"}, "missing_lines": [547, 548, 549], "excluded_lines": [], "start_line": 545}, "": {"executed_lines": [36, 38, 39, 40, 41, 42, 43, 45, 46, 47, 49, 62, 63, 66, 72, 91, 105, 138, 163, 195, 227, 250, 282, 289, 332, 341, 357, 368, 369, 370, 373, 381, 397, 426, 525, 545, 552], "summary": {"covered_lines": 37, "num_statements": 38, "percent_covered": 97.36842105263158, "percent_covered_display": "97", "missing_lines": 1, "excluded_lines": 0, "percent_statements_covered": 97.36842105263158, "percent_statements_covered_display": "97"}, "missing_lines": [553], "excluded_lines": [], "start_line": 1}}, "classes": {"": {"executed_lines": [36, 38, 39, 40, 41, 42, 43, 45, 46, 47, 49, 62, 63, 66, 67, 72, 77, 80, 81, 82, 83, 84, 85, 87, 88, 91, 96, 97, 99, 100, 101, 102, 105, 111, 118, 123, 126, 127, 128, 130, 131, 132, 133, 138, 163, 170, 171, 175, 176, 178, 195, 206, 207, 227, 228, 229, 250, 251, 252, 253, 255, 264, 266, 267, 277, 278, 279, 282, 289, 293, 294, 299, 300, 301, 302, 303, 304, 305, 308, 309, 311, 329, 332, 335, 336, 337, 338, 341, 345, 346, 347, 348, 349, 350, 351, 353, 354, 357, 361, 362, 363, 364, 365, 368, 369, 370, 373, 378, 381, 386, 389, 397, 403, 404, 426, 432, 433, 434, 435, 439, 442, 458, 462, 463, 464, 466, 467, 468, 470, 471, 475, 476, 477, 478, 480, 481, 482, 483, 484, 489, 490, 491, 492, 497, 502, 503, 504, 506, 507, 508, 509, 511, 513, 515, 525, 545, 552], "summary": {"covered_lines": 157, "num_statements": 242, "percent_covered": 64.87603305785125, "percent_covered_display": "65", "missing_lines": 85, "excluded_lines": 0, "percent_statements_covered": 64.87603305785125, "percent_statements_covered_display": "65"}, "missing_lines": [68, 69, 78, 86, 119, 120, 121, 124, 129, 150, 172, 173, 174, 208, 209, 210, 214, 215, 217, 218, 220, 221, 222, 223, 224, 230, 231, 232, 233, 235, 241, 243, 244, 246, 247, 263, 275, 276, 285, 286, 295, 307, 312, 314, 315, 387, 391, 392, 393, 394, 407, 408, 409, 410, 411, 412, 419, 420, 422, 423, 440, 443, 444, 445, 448, 451, 452, 453, 455, 456, 505, 529, 530, 532, 533, 534, 535, 536, 537, 538, 539, 547, 548, 549, 553], "excluded_lines": [], "start_line": 1}}}, "lib/parse_query.py": {"executed_lines": [1, 2, 3, 4, 7, 13, 35, 41, 42, 43, 44, 45, 46, 47, 52, 56, 57, 59, 62, 63, 65, 67, 69, 70, 71, 72, 73, 75, 77, 79, 81, 83, 84, 85, 86, 87, 89, 90, 91, 92, 93, 94, 96, 98, 100, 101, 103, 104, 105, 107, 108, 109, 111, 112, 114, 115, 117, 119, 120, 123, 124, 125, 127, 130, 143, 144, 146, 147, 148, 150, 151, 153, 154, 155, 156, 157, 159, 161, 162, 163, 167, 170, 173, 177], "summary": {"covered_lines": 84, "num_statements": 118, "percent_covered": 71.1864406779661, "percent_covered_display": "71", "missing_lines": 34, "excluded_lines": 0, "percent_statements_covered": 71.1864406779661, "percent_statements_covered_display": "71"}, "missing_lines": [8, 15, 17, 18, 19, 21, 22, 25, 26, 28, 29, 30, 32, 49, 50, 53, 54, 74, 76, 80, 82, 88, 95, 97, 99, 110, 116, 118, 158, 160, 165, 168, 174, 175], "excluded_lines": [], "functions": {"serialize": {"executed_lines": [], "summary": {"covered_lines": 0, "num_statements": 1, "percent_covered": 0.0, "percent_covered_display": "0", "missing_lines": 1, "excluded_lines": 0, "percent_statements_covered": 0.0, "percent_statements_covered_display": "0"}, "missing_lines": [8], "excluded_lines": [], "start_line": 7}, "deserialize": {"executed_lines": [], "summary": {"covered_lines": 0, "num_statements": 12, "percent_covered": 0.0, "percent_covered_display": "0", "missing_lines": 12, "excluded_lines": 0, "percent_statements_covered": 0.0, "percent_statements_covered_display": "0"}, "missing_lines": [15, 17, 18, 19, 21, 22, 25, 26, 28, 29, 30, 32], "excluded_lines": [], "start_line": 13}, "metric_or_imperial": {"executed_lines": [41, 42, 43, 44, 45, 46, 47, 52, 56, 57, 59], "summary": {"covered_lines": 11, "num_statements": 15, "percent_covered": 73.33333333333333, "percent_covered_display": "73", "missing_lines": 4, "excluded_lines": 0, "percent_statements_covered": 73.33333333333333, "percent_statements_covered_display": "73"}, "missing_lines": [49, 50, 53, 54], "excluded_lines": [], "start_line": 35}, "parse_query": {"executed_lines": [63, 65, 67, 69, 70, 71, 72, 73, 75, 77, 79, 81, 83, 84, 85, 86, 87, 89, 90, 91, 92, 93, 94, 96, 98, 100, 101, 103, 104, 105, 107, 108, 109, 111, 112, 114, 115, 117, 119, 120, 123, 124, 125, 127], "summary": {"covered_lines": 44, "num_statements": 55, "percent_covered": 80.0, "percent_covered_display": "80", "missing_lines": 11, "excluded_lines": 0, "percent_statements_covered": 80.0, "percent_statements_covered_display": "80"}, "missing_lines": [74, 76, 80, 82, 88, 95, 97, 99, 110, 116, 118], "excluded_lines": [], "start_line": 62}, "parse_wttrin_png_name": {"executed_lines": [143, 144, 146, 147, 148, 150, 151, 153, 154, 155, 156, 157, 159, 161, 162, 163, 167, 170, 173, 177], "summary": {"covered_lines": 20, "num_statements": 26, "percent_covered": 76.92307692307692, "percent_covered_display": "77", "missing_lines": 6, "excluded_lines": 0, "percent_statements_covered": 76.92307692307692, "percent_statements_covered_display": "77"}, "missing_lines": [158, 160, 165, 168, 174, 175], "excluded_lines": [], "start_line": 130}, "": {"executed_lines": [1, 2, 3, 4, 7, 13, 35, 62, 130], "summary": {"covered_lines": 9, "num_statements": 9, "percent_covered": 100.0, "percent_covered_display": "100", "missing_lines": 0, "excluded_lines": 0, "percent_statements_covered": 100.0, "percent_statements_covered_display": "100"}, "missing_lines": [], "excluded_lines": [], "start_line": 1}}, "classes": {"": {"executed_lines": [1, 2, 3, 4, 7, 13, 35, 41, 42, 43, 44, 45, 46, 47, 52, 56, 57, 59, 62, 63, 65, 67, 69, 70, 71, 72, 73, 75, 77, 79, 81, 83, 84, 85, 86, 87, 89, 90, 91, 92, 93, 94, 96, 98, 100, 101, 103, 104, 105, 107, 108, 109, 111, 112, 114, 115, 117, 119, 120, 123, 124, 125, 127, 130, 143, 144, 146, 147, 148, 150, 151, 153, 154, 155, 156, 157, 159, 161, 162, 163, 167, 170, 173, 177], "summary": {"covered_lines": 84, "num_statements": 118, "percent_covered": 71.1864406779661, "percent_covered_display": "71", "missing_lines": 34, "excluded_lines": 0, "percent_statements_covered": 71.1864406779661, "percent_statements_covered_display": "71"}, "missing_lines": [8, 15, 17, 18, 19, 21, 22, 25, 26, 28, 29, 30, 32, 49, 50, 53, 54, 74, 76, 80, 82, 88, 95, 97, 99, 110, 116, 118, 158, 160, 165, 168, 174, 175], "excluded_lines": [], "start_line": 1}}}, "lib/translations.py": {"executed_lines": [7, 44, 87, 137, 140, 989, 1063, 1064, 1066, 1068, 1069], "summary": {"covered_lines": 11, "num_statements": 13, "percent_covered": 84.61538461538461, "percent_covered_display": "85", "missing_lines": 2, "excluded_lines": 0, "percent_statements_covered": 84.61538461538461, "percent_statements_covered_display": "85"}, "missing_lines": [1065, 1067], "excluded_lines": [], "functions": {"get_message": {"executed_lines": [1064, 1066, 1068, 1069], "summary": {"covered_lines": 4, "num_statements": 6, "percent_covered": 66.66666666666667, "percent_covered_display": "67", "missing_lines": 2, "excluded_lines": 0, "percent_statements_covered": 66.66666666666667, "percent_statements_covered_display": "67"}, "missing_lines": [1065, 1067], "excluded_lines": [], "start_line": 1063}, "": {"executed_lines": [7, 44, 87, 137, 140, 989, 1063], "summary": {"covered_lines": 7, "num_statements": 7, "percent_covered": 100.0, "percent_covered_display": "100", "missing_lines": 0, "excluded_lines": 0, "percent_statements_covered": 100.0, "percent_statements_covered_display": "100"}, "missing_lines": [], "excluded_lines": [], "start_line": 1}}, "classes": {"": {"executed_lines": [7, 44, 87, 137, 140, 989, 1063, 1064, 1066, 1068, 1069], "summary": {"covered_lines": 11, "num_statements": 13, "percent_covered": 84.61538461538461, "percent_covered_display": "85", "missing_lines": 2, "excluded_lines": 0, "percent_statements_covered": 84.61538461538461, "percent_statements_covered_display": "85"}, "missing_lines": [1065, 1067], "excluded_lines": [], "start_line": 1}}}, "lib/view/__init__.py": {"executed_lines": [], "summary": {"covered_lines": 0, "num_statements": 0, "percent_covered": 100.0, "percent_covered_display": "100", "missing_lines": 0, "excluded_lines": 0, "percent_statements_covered": 100.0, "percent_statements_covered_display": "100"}, "missing_lines": [], "excluded_lines": [], "functions": {"": {"executed_lines": [], "summary": {"covered_lines": 0, "num_statements": 0, "percent_covered": 100.0, "percent_covered_display": "100", "missing_lines": 0, "excluded_lines": 0, "percent_statements_covered": 100.0, "percent_statements_covered_display": "100"}, "missing_lines": [], "excluded_lines": [], "start_line": 1}}, "classes": {"": {"executed_lines": [], "summary": {"covered_lines": 0, "num_statements": 0, "percent_covered": 100.0, "percent_covered_display": "100", "missing_lines": 0, "excluded_lines": 0, "percent_statements_covered": 100.0, "percent_statements_covered_display": "100"}, "missing_lines": [], "excluded_lines": [], "start_line": 1}}}, "lib/view/line.py": {"executed_lines": [16, 17, 18, 19, 20, 22, 23, 24, 26, 28, 38, 39, 41, 43, 51, 54, 60, 76, 92, 114, 135, 143, 148, 159, 170, 181, 192, 219, 228, 268, 276, 285, 298, 306, 312, 318, 324, 330, 336, 342, 350, 369, 380, 385, 414, 420, 421, 423, 426, 430, 432, 433, 434, 438, 441, 442, 444, 454, 457, 463, 466, 467, 470, 472, 475, 476, 477, 478, 479, 483, 484, 485, 486, 487, 488, 491, 496, 497, 499, 500, 501, 504, 523], "summary": {"covered_lines": 83, "num_statements": 216, "percent_covered": 38.425925925925924, "percent_covered_display": "38", "missing_lines": 133, "excluded_lines": 0, "percent_statements_covered": 38.425925925925924, "percent_statements_covered_display": "38"}, "missing_lines": [57, 65, 66, 68, 70, 71, 73, 81, 82, 84, 86, 87, 89, 95, 96, 99, 100, 101, 104, 106, 109, 111, 119, 120, 121, 122, 123, 124, 125, 127, 128, 129, 130, 132, 138, 140, 145, 153, 154, 155, 156, 164, 165, 166, 167, 175, 176, 177, 178, 186, 187, 188, 189, 197, 198, 199, 200, 201, 203, 204, 206, 208, 209, 211, 213, 214, 216, 224, 225, 233, 234, 235, 236, 238, 239, 240, 241, 243, 244, 245, 247, 249, 251, 252, 253, 258, 259, 260, 262, 263, 265, 273, 280, 281, 282, 289, 290, 300, 303, 309, 315, 321, 327, 333, 339, 345, 387, 388, 390, 391, 392, 393, 395, 397, 399, 402, 404, 412, 424, 425, 427, 428, 435, 436, 464, 468, 473, 474, 509, 510, 513, 520, 524], "excluded_lines": [], "functions": {"convert_to_fahrenheit": {"executed_lines": [], "summary": {"covered_lines": 0, "num_statements": 1, "percent_covered": 0.0, "percent_covered_display": "0", "missing_lines": 1, "excluded_lines": 0, "percent_statements_covered": 0.0, "percent_statements_covered_display": "0"}, "missing_lines": [57], "excluded_lines": [], "start_line": 54}, "render_temperature": {"executed_lines": [], "summary": {"covered_lines": 0, "num_statements": 6, "percent_covered": 0.0, "percent_covered_display": "0", "missing_lines": 6, "excluded_lines": 0, "percent_statements_covered": 0.0, "percent_statements_covered_display": "0"}, "missing_lines": [65, 66, 68, 70, 71, 73], "excluded_lines": [], "start_line": 60}, "render_feel_like_temperature": {"executed_lines": [], "summary": {"covered_lines": 0, "num_statements": 6, "percent_covered": 0.0, "percent_covered_display": "0", "missing_lines": 6, "excluded_lines": 0, "percent_statements_covered": 0.0, "percent_statements_covered_display": "0"}, "missing_lines": [81, 82, 84, 86, 87, 89], "excluded_lines": [], "start_line": 76}, "render_condition": {"executed_lines": [], "summary": {"covered_lines": 0, "num_statements": 9, "percent_covered": 0.0, "percent_covered_display": "0", "missing_lines": 9, "excluded_lines": 0, "percent_statements_covered": 0.0, "percent_statements_covered_display": "0"}, "missing_lines": [95, 96, 99, 100, 101, 104, 106, 109, 111], "excluded_lines": [], "start_line": 92}, "render_condition_fullname": {"executed_lines": [], "summary": {"covered_lines": 0, "num_statements": 12, "percent_covered": 0.0, "percent_covered_display": "0", "missing_lines": 12, "excluded_lines": 0, "percent_statements_covered": 0.0, "percent_statements_covered_display": "0"}, "missing_lines": [119, 120, 121, 122, 123, 124, 125, 127, 128, 129, 130, 132], "excluded_lines": [], "start_line": 114}, "render_condition_plain": {"executed_lines": [], "summary": {"covered_lines": 0, "num_statements": 2, "percent_covered": 0.0, "percent_covered_display": "0", "missing_lines": 2, "excluded_lines": 0, "percent_statements_covered": 0.0, "percent_statements_covered_display": "0"}, "missing_lines": [138, 140], "excluded_lines": [], "start_line": 135}, "render_condition_int": {"executed_lines": [], "summary": {"covered_lines": 0, "num_statements": 1, "percent_covered": 0.0, "percent_covered_display": "0", "missing_lines": 1, "excluded_lines": 0, "percent_statements_covered": 0.0, "percent_statements_covered_display": "0"}, "missing_lines": [145], "excluded_lines": [], "start_line": 143}, "render_humidity": {"executed_lines": [], "summary": {"covered_lines": 0, "num_statements": 4, "percent_covered": 0.0, "percent_covered_display": "0", "missing_lines": 4, "excluded_lines": 0, "percent_statements_covered": 0.0, "percent_statements_covered_display": "0"}, "missing_lines": [153, 154, 155, 156], "excluded_lines": [], "start_line": 148}, "render_precipitation": {"executed_lines": [], "summary": {"covered_lines": 0, "num_statements": 4, "percent_covered": 0.0, "percent_covered_display": "0", "missing_lines": 4, "excluded_lines": 0, "percent_statements_covered": 0.0, "percent_statements_covered_display": "0"}, "missing_lines": [164, 165, 166, 167], "excluded_lines": [], "start_line": 159}, "render_precipitation_chance": {"executed_lines": [], "summary": {"covered_lines": 0, "num_statements": 4, "percent_covered": 0.0, "percent_covered_display": "0", "missing_lines": 4, "excluded_lines": 0, "percent_statements_covered": 0.0, "percent_statements_covered_display": "0"}, "missing_lines": [175, 176, 177, 178], "excluded_lines": [], "start_line": 170}, "render_pressure": {"executed_lines": [], "summary": {"covered_lines": 0, "num_statements": 4, "percent_covered": 0.0, "percent_covered_display": "0", "missing_lines": 4, "excluded_lines": 0, "percent_statements_covered": 0.0, "percent_statements_covered_display": "0"}, "missing_lines": [186, 187, 188, 189], "excluded_lines": [], "start_line": 181}, "render_dewpoint": {"executed_lines": [], "summary": {"covered_lines": 0, "num_statements": 14, "percent_covered": 0.0, "percent_covered_display": "0", "missing_lines": 14, "excluded_lines": 0, "percent_statements_covered": 0.0, "percent_statements_covered_display": "0"}, "missing_lines": [197, 198, 199, 200, 201, 203, 204, 206, 208, 209, 211, 213, 214, 216], "excluded_lines": [], "start_line": 192}, "render_uv_index": {"executed_lines": [], "summary": {"covered_lines": 0, "num_statements": 2, "percent_covered": 0.0, "percent_covered_display": "0", "missing_lines": 2, "excluded_lines": 0, "percent_statements_covered": 0.0, "percent_statements_covered_display": "0"}, "missing_lines": [224, 225], "excluded_lines": [], "start_line": 219}, "render_wind": {"executed_lines": [], "summary": {"covered_lines": 0, "num_statements": 22, "percent_covered": 0.0, "percent_covered_display": "0", "missing_lines": 22, "excluded_lines": 0, "percent_statements_covered": 0.0, "percent_statements_covered_display": "0"}, "missing_lines": [233, 234, 235, 236, 238, 239, 240, 241, 243, 244, 245, 247, 249, 251, 252, 253, 258, 259, 260, 262, 263, 265], "excluded_lines": [], "start_line": 228}, "render_location": {"executed_lines": [], "summary": {"covered_lines": 0, "num_statements": 1, "percent_covered": 0.0, "percent_covered_display": "0", "missing_lines": 1, "excluded_lines": 0, "percent_statements_covered": 0.0, "percent_statements_covered_display": "0"}, "missing_lines": [273], "excluded_lines": [], "start_line": 268}, "render_moonphase": {"executed_lines": [], "summary": {"covered_lines": 0, "num_statements": 3, "percent_covered": 0.0, "percent_covered_display": "0", "missing_lines": 3, "excluded_lines": 0, "percent_statements_covered": 0.0, "percent_statements_covered_display": "0"}, "missing_lines": [280, 281, 282], "excluded_lines": [], "start_line": 276}, "render_moonday": {"executed_lines": [], "summary": {"covered_lines": 0, "num_statements": 2, "percent_covered": 0.0, "percent_covered_display": "0", "missing_lines": 2, "excluded_lines": 0, "percent_statements_covered": 0.0, "percent_statements_covered_display": "0"}, "missing_lines": [289, 290], "excluded_lines": [], "start_line": 285}, "get_geodata": {"executed_lines": [], "summary": {"covered_lines": 0, "num_statements": 2, "percent_covered": 0.0, "percent_covered_display": "0", "missing_lines": 2, "excluded_lines": 0, "percent_statements_covered": 0.0, "percent_statements_covered_display": "0"}, "missing_lines": [300, 303], "excluded_lines": [], "start_line": 298}, "render_dawn": {"executed_lines": [], "summary": {"covered_lines": 0, "num_statements": 1, "percent_covered": 0.0, "percent_covered_display": "0", "missing_lines": 1, "excluded_lines": 0, "percent_statements_covered": 0.0, "percent_statements_covered_display": "0"}, "missing_lines": [309], "excluded_lines": [], "start_line": 306}, "render_dusk": {"executed_lines": [], "summary": {"covered_lines": 0, "num_statements": 1, "percent_covered": 0.0, "percent_covered_display": "0", "missing_lines": 1, "excluded_lines": 0, "percent_statements_covered": 0.0, "percent_statements_covered_display": "0"}, "missing_lines": [315], "excluded_lines": [], "start_line": 312}, "render_sunrise": {"executed_lines": [], "summary": {"covered_lines": 0, "num_statements": 1, "percent_covered": 0.0, "percent_covered_display": "0", "missing_lines": 1, "excluded_lines": 0, "percent_statements_covered": 0.0, "percent_statements_covered_display": "0"}, "missing_lines": [321], "excluded_lines": [], "start_line": 318}, "render_sunset": {"executed_lines": [], "summary": {"covered_lines": 0, "num_statements": 1, "percent_covered": 0.0, "percent_covered_display": "0", "missing_lines": 1, "excluded_lines": 0, "percent_statements_covered": 0.0, "percent_statements_covered_display": "0"}, "missing_lines": [327], "excluded_lines": [], "start_line": 324}, "render_zenith": {"executed_lines": [], "summary": {"covered_lines": 0, "num_statements": 1, "percent_covered": 0.0, "percent_covered_display": "0", "missing_lines": 1, "excluded_lines": 0, "percent_statements_covered": 0.0, "percent_statements_covered_display": "0"}, "missing_lines": [333], "excluded_lines": [], "start_line": 330}, "render_local_time": {"executed_lines": [], "summary": {"covered_lines": 0, "num_statements": 1, "percent_covered": 0.0, "percent_covered_display": "0", "missing_lines": 1, "excluded_lines": 0, "percent_statements_covered": 0.0, "percent_statements_covered_display": "0"}, "missing_lines": [339], "excluded_lines": [], "start_line": 336}, "render_local_timezone": {"executed_lines": [], "summary": {"covered_lines": 0, "num_statements": 1, "percent_covered": 0.0, "percent_covered_display": "0", "missing_lines": 1, "excluded_lines": 0, "percent_statements_covered": 0.0, "percent_statements_covered_display": "0"}, "missing_lines": [345], "excluded_lines": [], "start_line": 342}, "render_line": {"executed_lines": [385, 414, 432, 433, 434, 438], "summary": {"covered_lines": 6, "num_statements": 8, "percent_covered": 75.0, "percent_covered_display": "75", "missing_lines": 2, "excluded_lines": 0, "percent_statements_covered": 75.0, "percent_statements_covered_display": "75"}, "missing_lines": [435, 436], "excluded_lines": [], "start_line": 380}, "render_line.get_local_time_of": {"executed_lines": [], "summary": {"covered_lines": 0, "num_statements": 12, "percent_covered": 0.0, "percent_covered_display": "0", "missing_lines": 12, "excluded_lines": 0, "percent_statements_covered": 0.0, "percent_statements_covered_display": "0"}, "missing_lines": [387, 388, 390, 391, 392, 393, 395, 397, 399, 402, 404, 412], "excluded_lines": [], "start_line": 385}, "render_line.render_symbol": {"executed_lines": [420, 421, 423, 426, 430], "summary": {"covered_lines": 5, "num_statements": 9, "percent_covered": 55.55555555555556, "percent_covered_display": "56", "missing_lines": 4, "excluded_lines": 0, "percent_statements_covered": 55.55555555555556, "percent_statements_covered_display": "56"}, "missing_lines": [424, 425, 427, 428], "excluded_lines": [], "start_line": 414}, "render_json": {"executed_lines": [442, 444, 454], "summary": {"covered_lines": 3, "num_statements": 3, "percent_covered": 100.0, "percent_covered_display": "100", "missing_lines": 0, "excluded_lines": 0, "percent_statements_covered": 100.0, "percent_statements_covered_display": "100"}, "missing_lines": [], "excluded_lines": [], "start_line": 441}, "format_weather_data": {"executed_lines": [463, 466, 467, 470, 472, 475, 476, 477, 478, 479, 483, 484, 485, 486, 487, 488], "summary": {"covered_lines": 16, "num_statements": 20, "percent_covered": 80.0, "percent_covered_display": "80", "missing_lines": 4, "excluded_lines": 0, "percent_statements_covered": 80.0, "percent_statements_covered_display": "80"}, "missing_lines": [464, 468, 473, 474], "excluded_lines": [], "start_line": 457}, "wttr_line": {"executed_lines": [496, 497, 499, 500, 501], "summary": {"covered_lines": 5, "num_statements": 5, "percent_covered": 100.0, "percent_covered_display": "100", "missing_lines": 0, "excluded_lines": 0, "percent_statements_covered": 100.0, "percent_statements_covered_display": "100"}, "missing_lines": [], "excluded_lines": [], "start_line": 491}, "main": {"executed_lines": [], "summary": {"covered_lines": 0, "num_statements": 4, "percent_covered": 0.0, "percent_covered_display": "0", "missing_lines": 4, "excluded_lines": 0, "percent_statements_covered": 0.0, "percent_statements_covered_display": "0"}, "missing_lines": [509, 510, 513, 520], "excluded_lines": [], "start_line": 504}, "": {"executed_lines": [16, 17, 18, 19, 20, 22, 23, 24, 26, 28, 38, 39, 41, 43, 51, 54, 60, 76, 92, 114, 135, 143, 148, 159, 170, 181, 192, 219, 228, 268, 276, 285, 298, 306, 312, 318, 324, 330, 336, 342, 350, 369, 380, 441, 457, 491, 504, 523], "summary": {"covered_lines": 48, "num_statements": 49, "percent_covered": 97.95918367346938, "percent_covered_display": "98", "missing_lines": 1, "excluded_lines": 0, "percent_statements_covered": 97.95918367346938, "percent_statements_covered_display": "98"}, "missing_lines": [524], "excluded_lines": [], "start_line": 1}}, "classes": {"": {"executed_lines": [16, 17, 18, 19, 20, 22, 23, 24, 26, 28, 38, 39, 41, 43, 51, 54, 60, 76, 92, 114, 135, 143, 148, 159, 170, 181, 192, 219, 228, 268, 276, 285, 298, 306, 312, 318, 324, 330, 336, 342, 350, 369, 380, 385, 414, 420, 421, 423, 426, 430, 432, 433, 434, 438, 441, 442, 444, 454, 457, 463, 466, 467, 470, 472, 475, 476, 477, 478, 479, 483, 484, 485, 486, 487, 488, 491, 496, 497, 499, 500, 501, 504, 523], "summary": {"covered_lines": 83, "num_statements": 216, "percent_covered": 38.425925925925924, "percent_covered_display": "38", "missing_lines": 133, "excluded_lines": 0, "percent_statements_covered": 38.425925925925924, "percent_statements_covered_display": "38"}, "missing_lines": [57, 65, 66, 68, 70, 71, 73, 81, 82, 84, 86, 87, 89, 95, 96, 99, 100, 101, 104, 106, 109, 111, 119, 120, 121, 122, 123, 124, 125, 127, 128, 129, 130, 132, 138, 140, 145, 153, 154, 155, 156, 164, 165, 166, 167, 175, 176, 177, 178, 186, 187, 188, 189, 197, 198, 199, 200, 201, 203, 204, 206, 208, 209, 211, 213, 214, 216, 224, 225, 233, 234, 235, 236, 238, 239, 240, 241, 243, 244, 245, 247, 249, 251, 252, 253, 258, 259, 260, 262, 263, 265, 273, 280, 281, 282, 289, 290, 300, 303, 309, 315, 321, 327, 333, 339, 345, 387, 388, 390, 391, 392, 393, 395, 397, 399, 402, 404, 412, 424, 425, 427, 428, 435, 436, 464, 468, 473, 474, 509, 510, 513, 520, 524], "excluded_lines": [], "start_line": 1}}}, "lib/view/moon.py": {"executed_lines": [1, 3, 4, 6, 8, 9, 10, 11, 14, 16, 17, 18, 19, 21, 22, 23, 24, 26, 27, 28, 30, 33, 34, 35, 36, 37, 41], "summary": {"covered_lines": 27, "num_statements": 43, "percent_covered": 62.7906976744186, "percent_covered_display": "63", "missing_lines": 16, "excluded_lines": 0, "percent_statements_covered": 62.7906976744186, "percent_statements_covered_display": "63"}, "missing_lines": [31, 39, 42, 43, 45, 46, 48, 49, 51, 52, 58, 59, 60, 61, 62, 64], "excluded_lines": [], "functions": {"get_moon": {"executed_lines": [16, 17, 18, 19, 21, 22, 23, 24, 26, 27, 28, 30, 33, 34, 35, 36, 37, 41], "summary": {"covered_lines": 18, "num_statements": 34, "percent_covered": 52.94117647058823, "percent_covered_display": "53", "missing_lines": 16, "excluded_lines": 0, "percent_statements_covered": 52.94117647058823, "percent_statements_covered_display": "53"}, "missing_lines": [31, 39, 42, 43, 45, 46, 48, 49, 51, 52, 58, 59, 60, 61, 62, 64], "excluded_lines": [], "start_line": 14}, "": {"executed_lines": [1, 3, 4, 6, 8, 9, 10, 11, 14], "summary": {"covered_lines": 9, "num_statements": 9, "percent_covered": 100.0, "percent_covered_display": "100", "missing_lines": 0, "excluded_lines": 0, "percent_statements_covered": 100.0, "percent_statements_covered_display": "100"}, "missing_lines": [], "excluded_lines": [], "start_line": 1}}, "classes": {"": {"executed_lines": [1, 3, 4, 6, 8, 9, 10, 11, 14, 16, 17, 18, 19, 21, 22, 23, 24, 26, 27, 28, 30, 33, 34, 35, 36, 37, 41], "summary": {"covered_lines": 27, "num_statements": 43, "percent_covered": 62.7906976744186, "percent_covered_display": "63", "missing_lines": 16, "excluded_lines": 0, "percent_statements_covered": 62.7906976744186, "percent_statements_covered_display": "63"}, "missing_lines": [31, 39, 42, 43, 45, 46, 48, 49, 51, 52, 58, 59, 60, 61, 62, 64], "excluded_lines": [], "start_line": 1}}}, "lib/view/prometheus.py": {"executed_lines": [6, 8, 11, 14, 16, 18, 20, 21, 22, 23, 24, 25, 26, 27, 28, 29, 30, 32, 33, 34, 38, 39, 40, 41, 42, 43, 45, 46, 47, 49, 51, 54, 56, 67, 73, 74, 75, 76, 79], "summary": {"covered_lines": 39, "num_statements": 41, "percent_covered": 95.1219512195122, "percent_covered_display": "95", "missing_lines": 2, "excluded_lines": 0, "percent_statements_covered": 95.1219512195122, "percent_statements_covered_display": "95"}, "missing_lines": [35, 36], "excluded_lines": [], "functions": {"_render_current": {"executed_lines": [14, 16, 18, 20, 21, 22, 23, 24, 25, 26, 27, 28, 29, 30, 32, 33, 34, 38, 39, 40, 41, 42, 43, 45, 46, 47, 49, 51], "summary": {"covered_lines": 28, "num_statements": 30, "percent_covered": 93.33333333333333, "percent_covered_display": "93", "missing_lines": 2, "excluded_lines": 0, "percent_statements_covered": 93.33333333333333, "percent_statements_covered_display": "93"}, "missing_lines": [35, 36], "excluded_lines": [], "start_line": 11}, "_convert_time_to_minutes": {"executed_lines": [56], "summary": {"covered_lines": 1, "num_statements": 1, "percent_covered": 100.0, "percent_covered_display": "100", "missing_lines": 0, "excluded_lines": 0, "percent_statements_covered": 100.0, "percent_statements_covered_display": "100"}, "missing_lines": [], "excluded_lines": [], "start_line": 54}, "render_prometheus": {"executed_lines": [73, 74, 75, 76, 79], "summary": {"covered_lines": 5, "num_statements": 5, "percent_covered": 100.0, "percent_covered_display": "100", "missing_lines": 0, "excluded_lines": 0, "percent_statements_covered": 100.0, "percent_statements_covered_display": "100"}, "missing_lines": [], "excluded_lines": [], "start_line": 67}, "": {"executed_lines": [6, 8, 11, 54, 67], "summary": {"covered_lines": 5, "num_statements": 5, "percent_covered": 100.0, "percent_covered_display": "100", "missing_lines": 0, "excluded_lines": 0, "percent_statements_covered": 100.0, "percent_statements_covered_display": "100"}, "missing_lines": [], "excluded_lines": [], "start_line": 1}}, "classes": {"": {"executed_lines": [6, 8, 11, 14, 16, 18, 20, 21, 22, 23, 24, 25, 26, 27, 28, 29, 30, 32, 33, 34, 38, 39, 40, 41, 42, 43, 45, 46, 47, 49, 51, 54, 56, 67, 73, 74, 75, 76, 79], "summary": {"covered_lines": 39, "num_statements": 41, "percent_covered": 95.1219512195122, "percent_covered_display": "95", "missing_lines": 2, "excluded_lines": 0, "percent_statements_covered": 95.1219512195122, "percent_statements_covered_display": "95"}, "missing_lines": [35, 36], "excluded_lines": [], "start_line": 1}}}, "lib/view/v2.py": {"executed_lines": [23, 25, 26, 27, 28, 29, 31, 32, 33, 34, 35, 36, 37, 38, 39, 41, 42, 43, 44, 45, 47, 54, 70, 84, 96, 107, 175, 193, 221, 257, 338, 360, 418, 449, 510, 640, 641, 650, 651, 653, 654, 656, 696], "summary": {"covered_lines": 43, "num_statements": 353, "percent_covered": 12.181303116147308, "percent_covered_display": "12", "missing_lines": 310, "excluded_lines": 0, "percent_statements_covered": 12.181303116147308, "percent_statements_covered_display": "12"}, "missing_lines": [48, 49, 59, 65, 66, 67, 75, 76, 77, 78, 79, 80, 81, 89, 90, 91, 97, 98, 100, 112, 114, 115, 116, 117, 118, 119, 121, 125, 127, 128, 129, 130, 131, 132, 133, 134, 135, 136, 137, 140, 141, 144, 145, 147, 148, 149, 150, 151, 154, 155, 156, 157, 158, 159, 161, 165, 167, 168, 170, 177, 178, 179, 181, 182, 185, 186, 196, 198, 199, 201, 202, 203, 204, 206, 207, 208, 209, 210, 212, 213, 214, 224, 226, 228, 229, 230, 231, 233, 234, 235, 238, 245, 246, 252, 258, 262, 263, 264, 265, 267, 268, 269, 271, 275, 276, 277, 278, 280, 281, 282, 283, 285, 286, 287, 288, 290, 291, 292, 293, 295, 296, 297, 298, 299, 300, 301, 302, 303, 304, 305, 307, 309, 310, 311, 313, 316, 317, 320, 324, 325, 326, 327, 329, 331, 332, 333, 339, 340, 341, 342, 343, 344, 345, 347, 348, 350, 351, 352, 353, 354, 355, 361, 363, 376, 377, 378, 379, 381, 382, 384, 385, 387, 389, 391, 392, 393, 395, 397, 398, 401, 402, 403, 404, 405, 406, 407, 409, 410, 411, 423, 424, 428, 434, 435, 446, 452, 454, 455, 456, 457, 459, 460, 461, 463, 464, 465, 466, 468, 470, 472, 473, 474, 475, 478, 479, 480, 482, 484, 486, 487, 488, 489, 490, 491, 493, 494, 496, 497, 498, 499, 501, 502, 504, 505, 516, 517, 518, 520, 522, 523, 524, 526, 527, 528, 529, 531, 533, 534, 536, 537, 538, 539, 541, 542, 544, 548, 549, 550, 551, 552, 554, 556, 558, 559, 567, 568, 574, 575, 576, 577, 578, 579, 581, 583, 584, 585, 586, 587, 588, 590, 595, 598, 602, 603, 604, 605, 606, 608, 609, 611, 612, 622, 635, 644, 657, 658, 660, 662, 663, 664, 665, 686, 687, 688, 689, 690, 691, 692, 693, 697], "excluded_lines": [], "functions": {"get_data": {"executed_lines": [], "summary": {"covered_lines": 0, "num_statements": 4, "percent_covered": 0.0, "percent_covered_display": "0", "missing_lines": 4, "excluded_lines": 0, "percent_statements_covered": 0.0, "percent_statements_covered_display": "0"}, "missing_lines": [59, 65, 66, 67], "excluded_lines": [], "start_line": 54}, "interpolate_data": {"executed_lines": [], "summary": {"covered_lines": 0, "num_statements": 7, "percent_covered": 0.0, "percent_covered_display": "0", "missing_lines": 7, "excluded_lines": 0, "percent_statements_covered": 0.0, "percent_statements_covered_display": "0"}, "missing_lines": [75, 76, 77, 78, 79, 80, 81], "excluded_lines": [], "start_line": 70}, "jq_query": {"executed_lines": [], "summary": {"covered_lines": 0, "num_statements": 3, "percent_covered": 0.0, "percent_covered_display": "0", "missing_lines": 3, "excluded_lines": 0, "percent_statements_covered": 0.0, "percent_statements_covered_display": "0"}, "missing_lines": [89, 90, 91], "excluded_lines": [], "start_line": 84}, "colorize": {"executed_lines": [], "summary": {"covered_lines": 0, "num_statements": 3, "percent_covered": 0.0, "percent_covered_display": "0", "missing_lines": 3, "excluded_lines": 0, "percent_statements_covered": 0.0, "percent_statements_covered_display": "0"}, "missing_lines": [97, 98, 100], "excluded_lines": [], "start_line": 96}, "draw_spark": {"executed_lines": [], "summary": {"covered_lines": 0, "num_statements": 34, "percent_covered": 0.0, "percent_covered_display": "0", "missing_lines": 34, "excluded_lines": 0, "percent_statements_covered": 0.0, "percent_statements_covered_display": "0"}, "missing_lines": [112, 114, 125, 127, 128, 129, 130, 131, 132, 133, 134, 135, 136, 137, 140, 141, 144, 145, 147, 148, 149, 150, 151, 154, 155, 156, 157, 158, 159, 161, 165, 167, 168, 170], "excluded_lines": [], "start_line": 107}, "draw_spark._box": {"executed_lines": [], "summary": {"covered_lines": 0, "num_statements": 6, "percent_covered": 0.0, "percent_covered_display": "0", "missing_lines": 6, "excluded_lines": 0, "percent_statements_covered": 0.0, "percent_statements_covered_display": "0"}, "missing_lines": [115, 116, 117, 118, 119, 121], "excluded_lines": [], "start_line": 114}, "draw_diagram": {"executed_lines": [], "summary": {"covered_lines": 0, "num_statements": 7, "percent_covered": 0.0, "percent_covered_display": "0", "missing_lines": 7, "excluded_lines": 0, "percent_statements_covered": 0.0, "percent_statements_covered_display": "0"}, "missing_lines": [177, 178, 179, 181, 182, 185, 186], "excluded_lines": [], "start_line": 175}, "draw_date": {"executed_lines": [], "summary": {"covered_lines": 0, "num_statements": 15, "percent_covered": 0.0, "percent_covered_display": "0", "missing_lines": 15, "excluded_lines": 0, "percent_statements_covered": 0.0, "percent_statements_covered_display": "0"}, "missing_lines": [196, 198, 199, 201, 202, 203, 204, 206, 207, 208, 209, 210, 212, 213, 214], "excluded_lines": [], "start_line": 193}, "draw_time": {"executed_lines": [], "summary": {"covered_lines": 0, "num_statements": 13, "percent_covered": 0.0, "percent_covered_display": "0", "missing_lines": 13, "excluded_lines": 0, "percent_statements_covered": 0.0, "percent_statements_covered_display": "0"}, "missing_lines": [224, 226, 228, 229, 230, 231, 233, 234, 235, 238, 245, 246, 252], "excluded_lines": [], "start_line": 221}, "draw_astronomical": {"executed_lines": [], "summary": {"covered_lines": 0, "num_statements": 52, "percent_covered": 0.0, "percent_covered_display": "0", "missing_lines": 52, "excluded_lines": 0, "percent_statements_covered": 0.0, "percent_statements_covered_display": "0"}, "missing_lines": [258, 262, 263, 264, 265, 267, 268, 269, 271, 275, 276, 277, 278, 280, 281, 282, 283, 285, 286, 287, 288, 290, 291, 292, 293, 295, 296, 297, 298, 299, 300, 301, 302, 303, 304, 305, 307, 309, 310, 311, 313, 316, 317, 320, 324, 325, 326, 327, 329, 331, 332, 333], "excluded_lines": [], "start_line": 257}, "draw_emoji": {"executed_lines": [], "summary": {"covered_lines": 0, "num_statements": 15, "percent_covered": 0.0, "percent_covered_display": "0", "missing_lines": 15, "excluded_lines": 0, "percent_statements_covered": 0.0, "percent_statements_covered_display": "0"}, "missing_lines": [339, 340, 341, 342, 343, 344, 345, 347, 348, 350, 351, 352, 353, 354, 355], "excluded_lines": [], "start_line": 338}, "draw_wind": {"executed_lines": [], "summary": {"covered_lines": 0, "num_statements": 23, "percent_covered": 0.0, "percent_covered_display": "0", "missing_lines": 23, "excluded_lines": 0, "percent_statements_covered": 0.0, "percent_statements_covered_display": "0"}, "missing_lines": [361, 381, 382, 384, 385, 387, 389, 391, 392, 393, 395, 397, 398, 401, 402, 403, 404, 405, 406, 407, 409, 410, 411], "excluded_lines": [], "start_line": 360}, "draw_wind._color_code_for_wind_speed": {"executed_lines": [], "summary": {"covered_lines": 0, "num_statements": 5, "percent_covered": 0.0, "percent_covered_display": "0", "missing_lines": 5, "excluded_lines": 0, "percent_statements_covered": 0.0, "percent_statements_covered_display": "0"}, "missing_lines": [363, 376, 377, 378, 379], "excluded_lines": [], "start_line": 361}, "add_frame": {"executed_lines": [], "summary": {"covered_lines": 0, "num_statements": 6, "percent_covered": 0.0, "percent_covered_display": "0", "missing_lines": 6, "excluded_lines": 0, "percent_statements_covered": 0.0, "percent_statements_covered_display": "0"}, "missing_lines": [423, 424, 428, 434, 435, 446], "excluded_lines": [], "start_line": 418}, "generate_panel": {"executed_lines": [], "summary": {"covered_lines": 0, "num_statements": 39, "percent_covered": 0.0, "percent_covered_display": "0", "missing_lines": 39, "excluded_lines": 0, "percent_statements_covered": 0.0, "percent_statements_covered_display": "0"}, "missing_lines": [452, 454, 455, 456, 457, 459, 460, 461, 463, 464, 465, 466, 468, 470, 472, 473, 474, 475, 478, 479, 480, 482, 484, 486, 487, 488, 489, 490, 491, 493, 494, 496, 497, 498, 499, 501, 502, 504, 505], "excluded_lines": [], "start_line": 449}, "textual_information": {"executed_lines": [], "summary": {"covered_lines": 0, "num_statements": 44, "percent_covered": 0.0, "percent_covered_display": "0", "missing_lines": 44, "excluded_lines": 0, "percent_statements_covered": 0.0, "percent_statements_covered_display": "0"}, "missing_lines": [516, 533, 536, 537, 538, 539, 541, 542, 544, 548, 549, 550, 551, 552, 554, 556, 558, 574, 575, 576, 577, 578, 579, 581, 583, 584, 585, 586, 587, 588, 590, 595, 598, 602, 603, 604, 605, 606, 608, 609, 611, 612, 622, 635], "excluded_lines": [], "start_line": 510}, "textual_information._shorten_full_location": {"executed_lines": [], "summary": {"covered_lines": 0, "num_statements": 10, "percent_covered": 0.0, "percent_covered_display": "0", "missing_lines": 10, "excluded_lines": 0, "percent_statements_covered": 0.0, "percent_statements_covered_display": "0"}, "missing_lines": [517, 520, 522, 523, 524, 526, 527, 528, 529, 531], "excluded_lines": [], "start_line": 516}, "textual_information._shorten_full_location._count_runes": {"executed_lines": [], "summary": {"covered_lines": 0, "num_statements": 1, "percent_covered": 0.0, "percent_covered_display": "0", "missing_lines": 1, "excluded_lines": 0, "percent_statements_covered": 0.0, "percent_statements_covered_display": "0"}, "missing_lines": [518], "excluded_lines": [], "start_line": 517}, "textual_information._colorize": {"executed_lines": [], "summary": {"covered_lines": 0, "num_statements": 1, "percent_covered": 0.0, "percent_covered_display": "0", "missing_lines": 1, "excluded_lines": 0, "percent_statements_covered": 0.0, "percent_statements_covered_display": "0"}, "missing_lines": [534], "excluded_lines": [], "start_line": 533}, "textual_information._get_local_time_of": {"executed_lines": [], "summary": {"covered_lines": 0, "num_statements": 3, "percent_covered": 0.0, "percent_covered_display": "0", "missing_lines": 3, "excluded_lines": 0, "percent_statements_covered": 0.0, "percent_statements_covered_display": "0"}, "missing_lines": [559, 567, 568], "excluded_lines": [], "start_line": 558}, "get_geodata": {"executed_lines": [641], "summary": {"covered_lines": 1, "num_statements": 2, "percent_covered": 50.0, "percent_covered_display": "50", "missing_lines": 1, "excluded_lines": 0, "percent_statements_covered": 50.0, "percent_statements_covered_display": "50"}, "missing_lines": [644], "excluded_lines": [], "start_line": 640}, "main": {"executed_lines": [651, 653, 654, 656], "summary": {"covered_lines": 4, "num_statements": 19, "percent_covered": 21.05263157894737, "percent_covered_display": "21", "missing_lines": 15, "excluded_lines": 0, "percent_statements_covered": 21.05263157894737, "percent_statements_covered_display": "21"}, "missing_lines": [657, 658, 660, 662, 663, 664, 665, 686, 687, 688, 689, 690, 691, 692, 693], "excluded_lines": [], "start_line": 650}, "": {"executed_lines": [23, 25, 26, 27, 28, 29, 31, 32, 33, 34, 35, 36, 37, 38, 39, 41, 42, 43, 44, 45, 47, 54, 70, 84, 96, 107, 175, 193, 221, 257, 338, 360, 418, 449, 510, 640, 650, 696], "summary": {"covered_lines": 38, "num_statements": 41, "percent_covered": 92.6829268292683, "percent_covered_display": "93", "missing_lines": 3, "excluded_lines": 0, "percent_statements_covered": 92.6829268292683, "percent_statements_covered_display": "93"}, "missing_lines": [48, 49, 697], "excluded_lines": [], "start_line": 1}}, "classes": {"": {"executed_lines": [23, 25, 26, 27, 28, 29, 31, 32, 33, 34, 35, 36, 37, 38, 39, 41, 42, 43, 44, 45, 47, 54, 70, 84, 96, 107, 175, 193, 221, 257, 338, 360, 418, 449, 510, 640, 641, 650, 651, 653, 654, 656, 696], "summary": {"covered_lines": 43, "num_statements": 353, "percent_covered": 12.181303116147308, "percent_covered_display": "12", "missing_lines": 310, "excluded_lines": 0, "percent_statements_covered": 12.181303116147308, "percent_statements_covered_display": "12"}, "missing_lines": [48, 49, 59, 65, 66, 67, 75, 76, 77, 78, 79, 80, 81, 89, 90, 91, 97, 98, 100, 112, 114, 115, 116, 117, 118, 119, 121, 125, 127, 128, 129, 130, 131, 132, 133, 134, 135, 136, 137, 140, 141, 144, 145, 147, 148, 149, 150, 151, 154, 155, 156, 157, 158, 159, 161, 165, 167, 168, 170, 177, 178, 179, 181, 182, 185, 186, 196, 198, 199, 201, 202, 203, 204, 206, 207, 208, 209, 210, 212, 213, 214, 224, 226, 228, 229, 230, 231, 233, 234, 235, 238, 245, 246, 252, 258, 262, 263, 264, 265, 267, 268, 269, 271, 275, 276, 277, 278, 280, 281, 282, 283, 285, 286, 287, 288, 290, 291, 292, 293, 295, 296, 297, 298, 299, 300, 301, 302, 303, 304, 305, 307, 309, 310, 311, 313, 316, 317, 320, 324, 325, 326, 327, 329, 331, 332, 333, 339, 340, 341, 342, 343, 344, 345, 347, 348, 350, 351, 352, 353, 354, 355, 361, 363, 376, 377, 378, 379, 381, 382, 384, 385, 387, 389, 391, 392, 393, 395, 397, 398, 401, 402, 403, 404, 405, 406, 407, 409, 410, 411, 423, 424, 428, 434, 435, 446, 452, 454, 455, 456, 457, 459, 460, 461, 463, 464, 465, 466, 468, 470, 472, 473, 474, 475, 478, 479, 480, 482, 484, 486, 487, 488, 489, 490, 491, 493, 494, 496, 497, 498, 499, 501, 502, 504, 505, 516, 517, 518, 520, 522, 523, 524, 526, 527, 528, 529, 531, 533, 534, 536, 537, 538, 539, 541, 542, 544, 548, 549, 550, 551, 552, 554, 556, 558, 559, 567, 568, 574, 575, 576, 577, 578, 579, 581, 583, 584, 585, 586, 587, 588, 590, 595, 598, 602, 603, 604, 605, 606, 608, 609, 611, 612, 622, 635, 644, 657, 658, 660, 662, 663, 664, 665, 686, 687, 688, 689, 690, 691, 692, 693, 697], "excluded_lines": [], "start_line": 1}}}, "lib/view/wttr.py": {"executed_lines": [9, 10, 12, 14, 15, 16, 27, 29, 30, 31, 33, 34, 37, 38, 39, 40, 41, 43, 86, 87, 88, 91, 93, 94, 97, 99, 101, 104, 105, 107, 108, 110, 111, 113, 116, 117, 119, 120, 121, 122, 124, 127, 128, 129, 131, 132, 134, 135, 136, 139, 140, 141, 143, 144, 145, 146, 150, 153, 156, 159, 168, 169, 171, 172, 173, 174, 175, 177, 180, 185, 186, 187, 189, 190, 191, 192, 193, 194, 207], "summary": {"covered_lines": 79, "num_statements": 107, "percent_covered": 73.83177570093459, "percent_covered_display": "74", "missing_lines": 28, "excluded_lines": 0, "percent_statements_covered": 73.83177570093459, "percent_statements_covered_display": "74"}, "missing_lines": [35, 51, 52, 54, 68, 73, 74, 83, 84, 95, 102, 114, 133, 137, 147, 148, 151, 154, 157, 196, 197, 201, 202, 203, 204, 210, 211, 213], "excluded_lines": [], "functions": {"get_wetter": {"executed_lines": [29, 30, 31, 33, 34, 37, 38, 39, 40, 41, 43, 86, 87, 88], "summary": {"covered_lines": 14, "num_statements": 23, "percent_covered": 60.869565217391305, "percent_covered_display": "61", "missing_lines": 9, "excluded_lines": 0, "percent_statements_covered": 60.869565217391305, "percent_statements_covered_display": "61"}, "missing_lines": [35, 51, 52, 54, 68, 73, 74, 83, 84], "excluded_lines": [], "start_line": 27}, "_wego_wrapper": {"executed_lines": [93, 94, 97, 99, 101, 104, 105, 107, 108, 110, 111, 113, 116, 117, 119, 120, 121, 122, 124], "summary": {"covered_lines": 19, "num_statements": 22, "percent_covered": 86.36363636363636, "percent_covered_display": "86", "missing_lines": 3, "excluded_lines": 0, "percent_statements_covered": 86.36363636363636, "percent_statements_covered_display": "86"}, "missing_lines": [95, 102, 114], "excluded_lines": [], "start_line": 91}, "_wego_postprocessing": {"executed_lines": [128, 129, 131, 132, 134, 135, 136, 139, 140, 141, 143, 144, 145, 146, 150, 153, 156, 159, 168, 169, 171, 172, 173, 174, 175, 177], "summary": {"covered_lines": 26, "num_statements": 33, "percent_covered": 78.78787878787878, "percent_covered_display": "79", "missing_lines": 7, "excluded_lines": 0, "percent_statements_covered": 78.78787878787878, "percent_statements_covered_display": "79"}, "missing_lines": [133, 137, 147, 148, 151, 154, 157], "excluded_lines": [], "start_line": 127}, "_htmlize": {"executed_lines": [185, 186, 187, 189, 190, 191, 192, 193, 194], "summary": {"covered_lines": 9, "num_statements": 15, "percent_covered": 60.0, "percent_covered_display": "60", "missing_lines": 6, "excluded_lines": 0, "percent_statements_covered": 60.0, "percent_statements_covered_display": "60"}, "missing_lines": [196, 197, 201, 202, 203, 204], "excluded_lines": [], "start_line": 180}, "_get_opengraph": {"executed_lines": [], "summary": {"covered_lines": 0, "num_statements": 3, "percent_covered": 0.0, "percent_covered_display": "0", "missing_lines": 3, "excluded_lines": 0, "percent_statements_covered": 0.0, "percent_statements_covered_display": "0"}, "missing_lines": [210, 211, 213], "excluded_lines": [], "start_line": 207}, "": {"executed_lines": [9, 10, 12, 14, 15, 16, 27, 91, 127, 180, 207], "summary": {"covered_lines": 11, "num_statements": 11, "percent_covered": 100.0, "percent_covered_display": "100", "missing_lines": 0, "excluded_lines": 0, "percent_statements_covered": 100.0, "percent_statements_covered_display": "100"}, "missing_lines": [], "excluded_lines": [], "start_line": 1}}, "classes": {"": {"executed_lines": [9, 10, 12, 14, 15, 16, 27, 29, 30, 31, 33, 34, 37, 38, 39, 40, 41, 43, 86, 87, 88, 91, 93, 94, 97, 99, 101, 104, 105, 107, 108, 110, 111, 113, 116, 117, 119, 120, 121, 122, 124, 127, 128, 129, 131, 132, 134, 135, 136, 139, 140, 141, 143, 144, 145, 146, 150, 153, 156, 159, 168, 169, 171, 172, 173, 174, 175, 177, 180, 185, 186, 187, 189, 190, 191, 192, 193, 194, 207], "summary": {"covered_lines": 79, "num_statements": 107, "percent_covered": 73.83177570093459, "percent_covered_display": "74", "missing_lines": 28, "excluded_lines": 0, "percent_statements_covered": 73.83177570093459, "percent_statements_covered_display": "74"}, "missing_lines": [35, 51, 52, 54, 68, 73, 74, 83, 84, 95, 102, 114, 133, 137, 147, 148, 151, 154, 157, 196, 197, 201, 202, 203, 204, 210, 211, 213], "excluded_lines": [], "start_line": 1}}}, "lib/weather_data.py": {"executed_lines": [5, 6, 7, 10, 14, 15, 20, 22, 23, 24, 27], "summary": {"covered_lines": 11, "num_statements": 13, "percent_covered": 84.61538461538461, "percent_covered_display": "85", "missing_lines": 2, "excluded_lines": 0, "percent_statements_covered": 84.61538461538461, "percent_statements_covered_display": "85"}, "missing_lines": [25, 26], "excluded_lines": [], "functions": {"get_weather_data": {"executed_lines": [14, 15, 20, 22, 23, 24, 27], "summary": {"covered_lines": 7, "num_statements": 9, "percent_covered": 77.77777777777777, "percent_covered_display": "78", "missing_lines": 2, "excluded_lines": 0, "percent_statements_covered": 77.77777777777777, "percent_statements_covered_display": "78"}, "missing_lines": [25, 26], "excluded_lines": [], "start_line": 10}, "": {"executed_lines": [5, 6, 7, 10], "summary": {"covered_lines": 4, "num_statements": 4, "percent_covered": 100.0, "percent_covered_display": "100", "missing_lines": 0, "excluded_lines": 0, "percent_statements_covered": 100.0, "percent_statements_covered_display": "100"}, "missing_lines": [], "excluded_lines": [], "start_line": 1}}, "classes": {"": {"executed_lines": [5, 6, 7, 10, 14, 15, 20, 22, 23, 24, 27], "summary": {"covered_lines": 11, "num_statements": 13, "percent_covered": 84.61538461538461, "percent_covered_display": "85", "missing_lines": 2, "excluded_lines": 0, "percent_statements_covered": 84.61538461538461, "percent_statements_covered_display": "85"}, "missing_lines": [25, 26], "excluded_lines": [], "start_line": 1}}}, "lib/wttr_srv.py": {"executed_lines": [8, 9, 10, 11, 12, 13, 15, 17, 18, 24, 25, 39, 40, 41, 42, 43, 45, 47, 49, 53, 55, 58, 62, 63, 67, 68, 69, 70, 76, 79, 82, 86, 87, 88, 91, 93, 96, 104, 105, 106, 108, 109, 110, 112, 114, 115, 116, 120, 122, 123, 126, 127, 128, 129, 130, 131, 132, 133, 135, 136, 140, 143, 149, 150, 151, 152, 153, 154, 155, 156, 158, 159, 160, 163, 164, 165, 167, 170, 177, 186, 188, 189, 190, 193, 198, 199, 200, 202, 203, 207, 208, 211, 217, 218, 224, 226, 227, 228, 231, 232, 236, 237, 238, 241, 242, 243, 245, 247, 248, 255, 258, 260, 265, 268, 269, 271, 273, 275, 278, 302, 308, 309, 310, 311, 312, 313, 315, 321, 322, 323, 325, 327, 328, 329, 330, 332, 333, 335, 336, 345, 349, 351, 354, 365, 366, 369, 375, 376, 379, 395, 396, 397, 398, 399, 401, 402, 404, 407, 408, 412, 418, 419, 424, 449, 450, 451, 452, 453, 457, 458, 461, 462, 463, 464, 465, 467, 468, 471, 472, 473, 484], "summary": {"covered_lines": 181, "num_statements": 226, "percent_covered": 80.08849557522124, "percent_covered_display": "80", "missing_lines": 45, "excluded_lines": 0, "percent_statements_covered": 80.08849557522124, "percent_statements_covered_display": "80"}, "missing_lines": [48, 64, 65, 66, 71, 72, 73, 83, 84, 85, 89, 117, 118, 137, 138, 161, 204, 205, 229, 239, 266, 270, 272, 303, 304, 305, 306, 352, 377, 380, 388, 393, 405, 409, 410, 426, 427, 428, 430, 431, 434, 435, 437, 485, 487], "excluded_lines": [], "functions": {"show_text_file": {"executed_lines": [62, 63, 67, 68, 69, 70, 76], "summary": {"covered_lines": 7, "num_statements": 13, "percent_covered": 53.84615384615385, "percent_covered_display": "54", "missing_lines": 6, "excluded_lines": 0, "percent_statements_covered": 53.84615384615385, "percent_statements_covered_display": "54"}, "missing_lines": [64, 65, 66, 71, 72, 73], "excluded_lines": [], "start_line": 58}, "_client_ip_address": {"executed_lines": [82, 86, 87, 88, 91, 93], "summary": {"covered_lines": 6, "num_statements": 10, "percent_covered": 60.0, "percent_covered_display": "60", "missing_lines": 4, "excluded_lines": 0, "percent_statements_covered": 60.0, "percent_statements_covered_display": "60"}, "missing_lines": [83, 84, 85, 89], "excluded_lines": [], "start_line": 79}, "_parse_language_header": {"executed_lines": [104, 122, 140], "summary": {"covered_lines": 3, "num_statements": 3, "percent_covered": 100.0, "percent_covered_display": "100", "missing_lines": 0, "excluded_lines": 0, "percent_statements_covered": 100.0, "percent_statements_covered_display": "100"}, "missing_lines": [], "excluded_lines": [], "start_line": 96}, "_parse_language_header._parse_accept_language": {"executed_lines": [105, 106, 108, 109, 110, 112, 114, 115, 116, 120], "summary": {"covered_lines": 10, "num_statements": 12, "percent_covered": 83.33333333333333, "percent_covered_display": "83", "missing_lines": 2, "excluded_lines": 0, "percent_statements_covered": 83.33333333333333, "percent_statements_covered_display": "83"}, "missing_lines": [117, 118], "excluded_lines": [], "start_line": 104}, "_parse_language_header._find_supported_language": {"executed_lines": [123, 135, 136], "summary": {"covered_lines": 3, "num_statements": 5, "percent_covered": 60.0, "percent_covered_display": "60", "missing_lines": 2, "excluded_lines": 0, "percent_statements_covered": 60.0, "percent_statements_covered_display": "60"}, "missing_lines": [137, 138], "excluded_lines": [], "start_line": 122}, "_parse_language_header._find_supported_language.supported_langs": {"executed_lines": [126, 127, 128, 129, 130, 131, 132, 133], "summary": {"covered_lines": 8, "num_statements": 8, "percent_covered": 100.0, "percent_covered_display": "100", "missing_lines": 0, "excluded_lines": 0, "percent_statements_covered": 100.0, "percent_statements_covered_display": "100"}, "missing_lines": [], "excluded_lines": [], "start_line": 123}, "get_answer_language_and_view": {"executed_lines": [149, 150, 151, 152, 153, 154, 155, 156, 158, 159, 160, 163, 164, 165, 167], "summary": {"covered_lines": 15, "num_statements": 16, "percent_covered": 93.75, "percent_covered_display": "94", "missing_lines": 1, "excluded_lines": 0, "percent_statements_covered": 93.75, "percent_statements_covered_display": "94"}, "missing_lines": [161], "excluded_lines": [], "start_line": 143}, "get_output_format": {"executed_lines": [177, 186, 188, 189, 190], "summary": {"covered_lines": 5, "num_statements": 5, "percent_covered": 100.0, "percent_covered_display": "100", "missing_lines": 0, "excluded_lines": 0, "percent_statements_covered": 100.0, "percent_statements_covered_display": "100"}, "missing_lines": [], "excluded_lines": [], "start_line": 170}, "_cyclic_location_selection": {"executed_lines": [198, 199, 200, 202, 203, 207, 208], "summary": {"covered_lines": 7, "num_statements": 9, "percent_covered": 77.77777777777777, "percent_covered_display": "78", "missing_lines": 2, "excluded_lines": 0, "percent_statements_covered": 77.77777777777777, "percent_statements_covered_display": "78"}, "missing_lines": [204, 205], "excluded_lines": [], "start_line": 193}, "_response": {"executed_lines": [217, 218, 224, 226, 227, 228, 231, 232, 236, 237, 238, 241, 242, 243, 245, 247, 248, 255, 258, 260, 265, 268, 269, 271, 273, 275], "summary": {"covered_lines": 26, "num_statements": 31, "percent_covered": 83.87096774193549, "percent_covered_display": "84", "missing_lines": 5, "excluded_lines": 0, "percent_statements_covered": 83.87096774193549, "percent_statements_covered_display": "84"}, "missing_lines": [229, 239, 266, 270, 272], "excluded_lines": [], "start_line": 211}, "parse_request": {"executed_lines": [302, 308, 309, 310, 311, 312, 313, 315, 321, 322, 323, 325, 327, 328, 329, 330, 332, 333, 335, 336, 345, 349, 351, 354, 365, 366], "summary": {"covered_lines": 26, "num_statements": 31, "percent_covered": 83.87096774193549, "percent_covered_display": "84", "missing_lines": 5, "excluded_lines": 0, "percent_statements_covered": 83.87096774193549, "percent_statements_covered_display": "84"}, "missing_lines": [303, 304, 305, 306, 352], "excluded_lines": [], "start_line": 278}, "wttr": {"executed_lines": [375, 404, 407, 408, 412, 418, 419, 424, 449, 450, 451, 452, 453, 457, 458, 461, 462, 463, 464, 465, 467, 468, 471, 472, 473], "summary": {"covered_lines": 25, "num_statements": 36, "percent_covered": 69.44444444444444, "percent_covered_display": "69", "missing_lines": 11, "excluded_lines": 0, "percent_statements_covered": 69.44444444444444, "percent_statements_covered_display": "69"}, "missing_lines": [405, 409, 410, 426, 427, 428, 430, 431, 434, 435, 437], "excluded_lines": [], "start_line": 369}, "wttr._wrap_response": {"executed_lines": [376, 379, 395, 396, 397, 398, 399, 401, 402], "summary": {"covered_lines": 9, "num_statements": 13, "percent_covered": 69.23076923076923, "percent_covered_display": "69", "missing_lines": 4, "excluded_lines": 0, "percent_statements_covered": 69.23076923076923, "percent_statements_covered_display": "69"}, "missing_lines": [377, 380, 388, 393], "excluded_lines": [], "start_line": 375}, "": {"executed_lines": [8, 9, 10, 11, 12, 13, 15, 17, 18, 24, 25, 39, 40, 41, 42, 43, 45, 47, 49, 53, 55, 58, 79, 96, 143, 170, 193, 211, 278, 369, 484], "summary": {"covered_lines": 31, "num_statements": 34, "percent_covered": 91.17647058823529, "percent_covered_display": "91", "missing_lines": 3, "excluded_lines": 0, "percent_statements_covered": 91.17647058823529, "percent_statements_covered_display": "91"}, "missing_lines": [48, 485, 487], "excluded_lines": [], "start_line": 1}}, "classes": {"": {"executed_lines": [8, 9, 10, 11, 12, 13, 15, 17, 18, 24, 25, 39, 40, 41, 42, 43, 45, 47, 49, 53, 55, 58, 62, 63, 67, 68, 69, 70, 76, 79, 82, 86, 87, 88, 91, 93, 96, 104, 105, 106, 108, 109, 110, 112, 114, 115, 116, 120, 122, 123, 126, 127, 128, 129, 130, 131, 132, 133, 135, 136, 140, 143, 149, 150, 151, 152, 153, 154, 155, 156, 158, 159, 160, 163, 164, 165, 167, 170, 177, 186, 188, 189, 190, 193, 198, 199, 200, 202, 203, 207, 208, 211, 217, 218, 224, 226, 227, 228, 231, 232, 236, 237, 238, 241, 242, 243, 245, 247, 248, 255, 258, 260, 265, 268, 269, 271, 273, 275, 278, 302, 308, 309, 310, 311, 312, 313, 315, 321, 322, 323, 325, 327, 328, 329, 330, 332, 333, 335, 336, 345, 349, 351, 354, 365, 366, 369, 375, 376, 379, 395, 396, 397, 398, 399, 401, 402, 404, 407, 408, 412, 418, 419, 424, 449, 450, 451, 452, 453, 457, 458, 461, 462, 463, 464, 465, 467, 468, 471, 472, 473, 484], "summary": {"covered_lines": 181, "num_statements": 226, "percent_covered": 80.08849557522124, "percent_covered_display": "80", "missing_lines": 45, "excluded_lines": 0, "percent_statements_covered": 80.08849557522124, "percent_statements_covered_display": "80"}, "missing_lines": [48, 64, 65, 66, 71, 72, 73, 83, 84, 85, 89, 117, 118, 137, 138, 161, 204, 205, 229, 239, 266, 270, 272, 303, 304, 305, 306, 352, 377, 380, 388, 393, 405, 409, 410, 426, 427, 428, 430, 431, 434, 435, 437, 485, 487], "excluded_lines": [], "start_line": 1}}}}, "totals": {"covered_lines": 1008, "num_statements": 1826, "percent_covered": 55.2026286966046, "percent_covered_display": "55", "missing_lines": 818, "excluded_lines": 0, "percent_statements_covered": 55.2026286966046, "percent_statements_covered_display": "55"}}